10:22:58.171 [main] INFO  c.p.m.MyBlogApplication - [logStarting,50] - Starting MyBlogApplication on DESKTOP-MR6GB2V with PID 35032 (E:\IDEA\MyBlog\target\classes started by Admin in E:\IDEA\MyBlog)
10:22:58.204 [main] INFO  c.p.m.MyBlogApplication - [logStartupProfileInfo,652] - The following profiles are active: druid
10:23:02.886 [main] INFO  o.a.c.h.Http11NioProtocol - [log,173] - Initializing ProtocolHandler ["http-nio-8080"]
10:23:02.892 [main] INFO  o.a.c.c.StandardService - [log,173] - Starting service [Tomcat]
10:23:02.892 [main] INFO  o.a.c.c.StandardEngine - [log,173] - Starting Servlet engine: [Apache Tomcat/9.0.29]
10:23:03.010 [main] INFO  o.a.c.c.C.[.[.[/] - [log,173] - Initializing Spring embedded WebApplicationContext
10:23:05.114 [main] INFO  s.d.s.w.PropertySourcedRequestMappingHandlerMapping - [initHandlerMethods,69] - Mapped URL path [/v2/api-docs] onto method [public org.springframework.http.ResponseEntity<springfox.documentation.spring.web.json.Json> springfox.documentation.swagger2.web.Swagger2Controller.getDocumentation(java.lang.String,javax.servlet.http.HttpServletRequest)]
10:23:06.241 [main] INFO  s.d.s.w.p.DocumentationPluginsBootstrapper - [start,160] - Context refreshed
10:23:06.275 [main] INFO  s.d.s.w.p.DocumentationPluginsBootstrapper - [start,163] - Found 1 custom documentation plugin(s)
10:23:06.339 [main] INFO  s.d.s.w.s.ApiListingReferenceScanner - [scan,41] - Scanning for api listing references
10:23:06.502 [main] INFO  s.d.s.w.r.o.CachingOperationNameGenerator - [startingWith,40] - Generating unique operation named: selectAllUsingGET_1
10:23:06.504 [main] INFO  s.d.s.w.r.o.CachingOperationNameGenerator - [startingWith,40] - Generating unique operation named: selectByIdUsingGET_1
10:23:06.505 [main] INFO  s.d.s.w.r.o.CachingOperationNameGenerator - [startingWith,40] - Generating unique operation named: selectPageVoUsingGET_1
10:23:06.512 [main] INFO  s.d.s.w.r.o.CachingOperationNameGenerator - [startingWith,40] - Generating unique operation named: selectAllUsingGET_2
10:23:06.515 [main] INFO  s.d.s.w.r.o.CachingOperationNameGenerator - [startingWith,40] - Generating unique operation named: selectPageVoUsingGET_2
10:23:06.597 [main] INFO  o.a.c.h.Http11NioProtocol - [log,173] - Starting ProtocolHandler ["http-nio-8080"]
10:23:06.619 [main] INFO  c.p.m.MyBlogApplication - [logStarted,59] - Started MyBlogApplication in 8.917 seconds (JVM running for 10.403)
10:26:40.020 [http-nio-8080-exec-1] INFO  o.a.c.c.C.[.[.[/] - [log,173] - Initializing Spring DispatcherServlet 'dispatcherServlet'
10:26:43.309 [http-nio-8080-exec-7] INFO  c.a.d.p.DruidDataSource - [init,1003] - {dataSource-1} inited
10:26:53.982 [http-nio-8080-exec-18] INFO  i.l.c.EpollProvider - [<clinit>,68] - Starting without optional epoll library
10:26:53.983 [http-nio-8080-exec-18] INFO  i.l.c.KqueueProvider - [<clinit>,70] - Starting without optional kqueue library
10:26:56.307 [schedule-pool-1] INFO  sys-user - [run,57] - [127.0.0.1]内网IP[admin][Success][登录成功]
10:34:01.415 [main] INFO  c.p.m.MyBlogApplication - [logStarting,50] - Starting MyBlogApplication on DESKTOP-MR6GB2V with PID 29252 (E:\IDEA\MyBlog\target\classes started by Admin in E:\IDEA\MyBlog)
10:34:01.423 [main] INFO  c.p.m.MyBlogApplication - [logStartupProfileInfo,652] - The following profiles are active: druid
10:38:06.621 [main] INFO  c.p.m.MyBlogApplication - [logStarting,50] - Starting MyBlogApplication on DESKTOP-MR6GB2V with PID 38388 (E:\IDEA\MyBlog\target\classes started by Admin in E:\IDEA\MyBlog)
10:38:06.624 [main] INFO  c.p.m.MyBlogApplication - [logStartupProfileInfo,652] - The following profiles are active: druid
10:41:24.954 [main] INFO  c.p.m.MyBlogApplication - [logStarting,50] - Starting MyBlogApplication on DESKTOP-MR6GB2V with PID 39288 (E:\IDEA\MyBlog\target\classes started by Admin in E:\IDEA\MyBlog)
10:41:24.956 [main] INFO  c.p.m.MyBlogApplication - [logStartupProfileInfo,652] - The following profiles are active: druid
10:41:27.181 [main] INFO  o.a.c.h.Http11NioProtocol - [log,173] - Initializing ProtocolHandler ["http-nio-8080"]
10:41:27.198 [main] INFO  o.a.c.c.StandardService - [log,173] - Starting service [Tomcat]
10:41:27.199 [main] INFO  o.a.c.c.StandardEngine - [log,173] - Starting Servlet engine: [Apache Tomcat/9.0.29]
10:41:27.326 [main] INFO  o.a.c.c.C.[.[.[/] - [log,173] - Initializing Spring embedded WebApplicationContext
10:41:27.363 [main] INFO  o.a.c.c.StandardService - [log,173] - Stopping service [Tomcat]
10:42:33.335 [main] INFO  c.p.m.MyBlogApplication - [logStarting,50] - Starting MyBlogApplication on DESKTOP-MR6GB2V with PID 31664 (E:\IDEA\MyBlog\target\classes started by Admin in E:\IDEA\MyBlog)
10:42:33.337 [main] INFO  c.p.m.MyBlogApplication - [logStartupProfileInfo,652] - The following profiles are active: druid
10:43:29.789 [main] INFO  c.p.m.MyBlogApplication - [logStarting,50] - Starting MyBlogApplication on DESKTOP-MR6GB2V with PID 7908 (E:\IDEA\MyBlog\target\classes started by Admin in E:\IDEA\MyBlog)
10:43:29.792 [main] INFO  c.p.m.MyBlogApplication - [logStartupProfileInfo,652] - The following profiles are active: druid
10:45:21.255 [main] INFO  c.p.m.MyBlogApplication - [logStarting,50] - Starting MyBlogApplication on DESKTOP-MR6GB2V with PID 12936 (E:\IDEA\MyBlog\target\classes started by Admin in E:\IDEA\MyBlog)
10:45:21.257 [main] INFO  c.p.m.MyBlogApplication - [logStartupProfileInfo,652] - The following profiles are active: druid
10:45:22.819 [main] INFO  o.a.c.h.Http11NioProtocol - [log,173] - Initializing ProtocolHandler ["http-nio-8080"]
10:45:22.825 [main] INFO  o.a.c.c.StandardService - [log,173] - Starting service [Tomcat]
10:45:22.826 [main] INFO  o.a.c.c.StandardEngine - [log,173] - Starting Servlet engine: [Apache Tomcat/9.0.29]
10:45:22.941 [main] INFO  o.a.c.c.C.[.[.[/] - [log,173] - Initializing Spring embedded WebApplicationContext
10:45:22.970 [main] INFO  o.a.c.c.StandardService - [log,173] - Stopping service [Tomcat]
10:48:31.389 [main] INFO  c.p.m.MyBlogApplication - [logStarting,50] - Starting MyBlogApplication on DESKTOP-MR6GB2V with PID 31156 (E:\IDEA\MyBlog\target\classes started by Admin in E:\IDEA\MyBlog)
10:48:31.392 [main] INFO  c.p.m.MyBlogApplication - [logStartupProfileInfo,652] - The following profiles are active: druid
10:48:32.999 [main] INFO  o.a.c.h.Http11NioProtocol - [log,173] - Initializing ProtocolHandler ["http-nio-8080"]
10:48:33.005 [main] INFO  o.a.c.c.StandardService - [log,173] - Starting service [Tomcat]
10:48:33.005 [main] INFO  o.a.c.c.StandardEngine - [log,173] - Starting Servlet engine: [Apache Tomcat/9.0.29]
10:48:33.121 [main] INFO  o.a.c.c.C.[.[.[/] - [log,173] - Initializing Spring embedded WebApplicationContext
10:48:35.689 [main] INFO  s.d.s.w.PropertySourcedRequestMappingHandlerMapping - [initHandlerMethods,69] - Mapped URL path [/v2/api-docs] onto method [public org.springframework.http.ResponseEntity<springfox.documentation.spring.web.json.Json> springfox.documentation.swagger2.web.Swagger2Controller.getDocumentation(java.lang.String,javax.servlet.http.HttpServletRequest)]
10:48:36.985 [main] INFO  s.d.s.w.p.DocumentationPluginsBootstrapper - [start,160] - Context refreshed
10:48:37.007 [main] INFO  s.d.s.w.p.DocumentationPluginsBootstrapper - [start,163] - Found 1 custom documentation plugin(s)
10:48:37.068 [main] INFO  s.d.s.w.s.ApiListingReferenceScanner - [scan,41] - Scanning for api listing references
10:48:37.226 [main] INFO  s.d.s.w.r.o.CachingOperationNameGenerator - [startingWith,40] - Generating unique operation named: selectAllUsingGET_1
10:48:37.227 [main] INFO  s.d.s.w.r.o.CachingOperationNameGenerator - [startingWith,40] - Generating unique operation named: selectByIdUsingGET_1
10:48:37.229 [main] INFO  s.d.s.w.r.o.CachingOperationNameGenerator - [startingWith,40] - Generating unique operation named: selectPageVoUsingGET_1
10:48:37.233 [main] INFO  s.d.s.w.r.o.CachingOperationNameGenerator - [startingWith,40] - Generating unique operation named: selectAllUsingGET_2
10:48:37.236 [main] INFO  s.d.s.w.r.o.CachingOperationNameGenerator - [startingWith,40] - Generating unique operation named: selectPageVoUsingGET_2
10:48:37.252 [main] INFO  o.a.c.h.Http11NioProtocol - [log,173] - Starting ProtocolHandler ["http-nio-8080"]
10:48:37.275 [main] INFO  c.p.m.MyBlogApplication - [logStarted,59] - Started MyBlogApplication in 6.181 seconds (JVM running for 7.152)
11:02:42.449 [main] INFO  c.p.m.MyBlogApplication - [logStarting,50] - Starting MyBlogApplication on DESKTOP-MR6GB2V with PID 19672 (E:\IDEA\MyBlog\target\classes started by Admin in E:\IDEA\MyBlog)
11:02:42.452 [main] INFO  c.p.m.MyBlogApplication - [logStartupProfileInfo,652] - The following profiles are active: druid
11:02:45.850 [main] INFO  o.a.c.h.Http11NioProtocol - [log,173] - Initializing ProtocolHandler ["http-nio-8080"]
11:02:45.856 [main] INFO  o.a.c.c.StandardService - [log,173] - Starting service [Tomcat]
11:02:45.856 [main] INFO  o.a.c.c.StandardEngine - [log,173] - Starting Servlet engine: [Apache Tomcat/9.0.29]
11:02:45.973 [main] INFO  o.a.c.c.C.[.[.[/] - [log,173] - Initializing Spring embedded WebApplicationContext
11:02:47.664 [main] INFO  s.d.s.w.PropertySourcedRequestMappingHandlerMapping - [initHandlerMethods,69] - Mapped URL path [/v2/api-docs] onto method [public org.springframework.http.ResponseEntity<springfox.documentation.spring.web.json.Json> springfox.documentation.swagger2.web.Swagger2Controller.getDocumentation(java.lang.String,javax.servlet.http.HttpServletRequest)]
11:02:48.762 [main] INFO  s.d.s.w.p.DocumentationPluginsBootstrapper - [start,160] - Context refreshed
11:02:48.778 [main] INFO  s.d.s.w.p.DocumentationPluginsBootstrapper - [start,163] - Found 1 custom documentation plugin(s)
11:02:48.828 [main] INFO  s.d.s.w.s.ApiListingReferenceScanner - [scan,41] - Scanning for api listing references
11:02:48.954 [main] INFO  s.d.s.w.r.o.CachingOperationNameGenerator - [startingWith,40] - Generating unique operation named: selectAllUsingGET_1
11:02:48.955 [main] INFO  s.d.s.w.r.o.CachingOperationNameGenerator - [startingWith,40] - Generating unique operation named: selectByIdUsingGET_1
11:02:48.956 [main] INFO  s.d.s.w.r.o.CachingOperationNameGenerator - [startingWith,40] - Generating unique operation named: selectPageVoUsingGET_1
11:02:48.962 [main] INFO  s.d.s.w.r.o.CachingOperationNameGenerator - [startingWith,40] - Generating unique operation named: selectAllUsingGET_2
11:02:48.964 [main] INFO  s.d.s.w.r.o.CachingOperationNameGenerator - [startingWith,40] - Generating unique operation named: selectPageVoUsingGET_2
11:02:48.979 [main] INFO  o.a.c.h.Http11NioProtocol - [log,173] - Starting ProtocolHandler ["http-nio-8080"]
11:02:49.003 [main] INFO  c.p.m.MyBlogApplication - [logStarted,59] - Started MyBlogApplication in 7.009 seconds (JVM running for 8.242)
11:04:10.547 [main] INFO  c.p.m.MyBlogApplication - [logStarting,50] - Starting MyBlogApplication on DESKTOP-MR6GB2V with PID 30768 (E:\IDEA\MyBlog\target\classes started by Admin in E:\IDEA\MyBlog)
11:04:10.555 [main] INFO  c.p.m.MyBlogApplication - [logStartupProfileInfo,652] - The following profiles are active: druid
11:04:12.146 [main] INFO  o.a.c.h.Http11NioProtocol - [log,173] - Initializing ProtocolHandler ["http-nio-8080"]
11:04:12.152 [main] INFO  o.a.c.c.StandardService - [log,173] - Starting service [Tomcat]
11:04:12.152 [main] INFO  o.a.c.c.StandardEngine - [log,173] - Starting Servlet engine: [Apache Tomcat/9.0.29]
11:04:12.266 [main] INFO  o.a.c.c.C.[.[.[/] - [log,173] - Initializing Spring embedded WebApplicationContext
11:04:12.379 [main] INFO  o.a.c.c.StandardService - [log,173] - Stopping service [Tomcat]
11:04:33.945 [main] INFO  c.p.m.MyBlogApplication - [logStarting,50] - Starting MyBlogApplication on DESKTOP-MR6GB2V with PID 39920 (E:\IDEA\MyBlog\target\classes started by Admin in E:\IDEA\MyBlog)
11:04:33.947 [main] INFO  c.p.m.MyBlogApplication - [logStartupProfileInfo,652] - The following profiles are active: druid
11:04:35.487 [main] INFO  o.a.c.h.Http11NioProtocol - [log,173] - Initializing ProtocolHandler ["http-nio-8080"]
11:04:35.492 [main] INFO  o.a.c.c.StandardService - [log,173] - Starting service [Tomcat]
11:04:35.493 [main] INFO  o.a.c.c.StandardEngine - [log,173] - Starting Servlet engine: [Apache Tomcat/9.0.29]
11:04:35.606 [main] INFO  o.a.c.c.C.[.[.[/] - [log,173] - Initializing Spring embedded WebApplicationContext
11:04:35.634 [main] INFO  o.a.c.c.StandardService - [log,173] - Stopping service [Tomcat]
11:06:30.329 [main] INFO  c.p.m.MyBlogApplication - [logStarting,50] - Starting MyBlogApplication on DESKTOP-MR6GB2V with PID 31108 (E:\IDEA\MyBlog\target\classes started by Admin in E:\IDEA\MyBlog)
11:06:30.338 [main] INFO  c.p.m.MyBlogApplication - [logStartupProfileInfo,652] - The following profiles are active: druid
11:06:31.948 [main] INFO  o.a.c.h.Http11NioProtocol - [log,173] - Initializing ProtocolHandler ["http-nio-8080"]
11:06:31.954 [main] INFO  o.a.c.c.StandardService - [log,173] - Starting service [Tomcat]
11:06:31.955 [main] INFO  o.a.c.c.StandardEngine - [log,173] - Starting Servlet engine: [Apache Tomcat/9.0.29]
11:06:32.074 [main] INFO  o.a.c.c.C.[.[.[/] - [log,173] - Initializing Spring embedded WebApplicationContext
11:06:32.104 [main] INFO  o.a.c.c.StandardService - [log,173] - Stopping service [Tomcat]
11:08:02.458 [main] INFO  c.p.m.MyBlogApplication - [logStarting,50] - Starting MyBlogApplication on DESKTOP-MR6GB2V with PID 37944 (E:\IDEA\MyBlog\target\classes started by Admin in E:\IDEA\MyBlog)
11:08:02.461 [main] INFO  c.p.m.MyBlogApplication - [logStartupProfileInfo,652] - The following profiles are active: druid
11:08:04.025 [main] INFO  o.a.c.h.Http11NioProtocol - [log,173] - Initializing ProtocolHandler ["http-nio-8080"]
11:08:04.032 [main] INFO  o.a.c.c.StandardService - [log,173] - Starting service [Tomcat]
11:08:04.032 [main] INFO  o.a.c.c.StandardEngine - [log,173] - Starting Servlet engine: [Apache Tomcat/9.0.29]
11:08:04.147 [main] INFO  o.a.c.c.C.[.[.[/] - [log,173] - Initializing Spring embedded WebApplicationContext
11:08:05.356 [main] INFO  s.d.s.w.PropertySourcedRequestMappingHandlerMapping - [initHandlerMethods,69] - Mapped URL path [/v2/api-docs] onto method [public org.springframework.http.ResponseEntity<springfox.documentation.spring.web.json.Json> springfox.documentation.swagger2.web.Swagger2Controller.getDocumentation(java.lang.String,javax.servlet.http.HttpServletRequest)]
11:08:06.067 [main] INFO  s.d.s.w.p.DocumentationPluginsBootstrapper - [start,160] - Context refreshed
11:08:06.081 [main] INFO  s.d.s.w.p.DocumentationPluginsBootstrapper - [start,163] - Found 1 custom documentation plugin(s)
11:08:06.113 [main] INFO  s.d.s.w.s.ApiListingReferenceScanner - [scan,41] - Scanning for api listing references
11:08:06.232 [main] INFO  s.d.s.w.r.o.CachingOperationNameGenerator - [startingWith,40] - Generating unique operation named: selectAllUsingGET_1
11:08:06.234 [main] INFO  s.d.s.w.r.o.CachingOperationNameGenerator - [startingWith,40] - Generating unique operation named: selectByIdUsingGET_1
11:08:06.236 [main] INFO  s.d.s.w.r.o.CachingOperationNameGenerator - [startingWith,40] - Generating unique operation named: selectPageVoUsingGET_1
11:08:06.242 [main] INFO  s.d.s.w.r.o.CachingOperationNameGenerator - [startingWith,40] - Generating unique operation named: selectAllUsingGET_2
11:08:06.246 [main] INFO  s.d.s.w.r.o.CachingOperationNameGenerator - [startingWith,40] - Generating unique operation named: selectPageVoUsingGET_2
11:08:06.260 [main] INFO  o.a.c.h.Http11NioProtocol - [log,173] - Starting ProtocolHandler ["http-nio-8080"]
11:08:06.283 [main] INFO  c.p.m.MyBlogApplication - [logStarted,59] - Started MyBlogApplication in 4.13 seconds (JVM running for 5.134)
11:15:01.979 [main] INFO  c.p.m.MyBlogApplication - [logStarting,50] - Starting MyBlogApplication on DESKTOP-MR6GB2V with PID 39516 (E:\IDEA\MyBlog\target\classes started by Admin in E:\IDEA\MyBlog)
11:15:01.987 [main] INFO  c.p.m.MyBlogApplication - [logStartupProfileInfo,652] - The following profiles are active: druid
11:15:03.583 [main] INFO  o.a.c.h.Http11NioProtocol - [log,173] - Initializing ProtocolHandler ["http-nio-8080"]
11:15:03.589 [main] INFO  o.a.c.c.StandardService - [log,173] - Starting service [Tomcat]
11:15:03.590 [main] INFO  o.a.c.c.StandardEngine - [log,173] - Starting Servlet engine: [Apache Tomcat/9.0.29]
11:15:03.704 [main] INFO  o.a.c.c.C.[.[.[/] - [log,173] - Initializing Spring embedded WebApplicationContext
11:15:04.013 [main] INFO  c.a.d.s.b.a.DruidDataSourceAutoConfigure - [dataSource,56] - Init DruidDataSource
11:15:04.172 [main] INFO  o.a.c.c.StandardService - [log,173] - Stopping service [Tomcat]
11:17:10.242 [main] INFO  c.p.m.MyBlogApplication - [logStarting,50] - Starting MyBlogApplication on DESKTOP-MR6GB2V with PID 33020 (E:\IDEA\MyBlog\target\classes started by Admin in E:\IDEA\MyBlog)
11:17:10.244 [main] INFO  c.p.m.MyBlogApplication - [logStartupProfileInfo,652] - The following profiles are active: druid
11:17:11.862 [main] INFO  o.a.c.h.Http11NioProtocol - [log,173] - Initializing ProtocolHandler ["http-nio-8080"]
11:17:11.869 [main] INFO  o.a.c.c.StandardService - [log,173] - Starting service [Tomcat]
11:17:11.869 [main] INFO  o.a.c.c.StandardEngine - [log,173] - Starting Servlet engine: [Apache Tomcat/9.0.29]
11:17:11.990 [main] INFO  o.a.c.c.C.[.[.[/] - [log,173] - Initializing Spring embedded WebApplicationContext
11:17:12.294 [main] INFO  c.a.d.s.b.a.DruidDataSourceAutoConfigure - [dataSource,56] - Init DruidDataSource
11:17:13.433 [main] INFO  c.a.d.p.DruidDataSource - [init,1003] - {dataSource-1} inited
11:17:14.221 [main] INFO  s.d.s.w.PropertySourcedRequestMappingHandlerMapping - [initHandlerMethods,69] - Mapped URL path [/v2/api-docs] onto method [public org.springframework.http.ResponseEntity<springfox.documentation.spring.web.json.Json> springfox.documentation.swagger2.web.Swagger2Controller.getDocumentation(java.lang.String,javax.servlet.http.HttpServletRequest)]
11:17:14.951 [main] INFO  s.d.s.w.p.DocumentationPluginsBootstrapper - [start,160] - Context refreshed
11:17:14.964 [main] INFO  s.d.s.w.p.DocumentationPluginsBootstrapper - [start,163] - Found 1 custom documentation plugin(s)
11:17:14.997 [main] INFO  s.d.s.w.s.ApiListingReferenceScanner - [scan,41] - Scanning for api listing references
11:17:15.262 [main] INFO  s.d.s.w.r.o.CachingOperationNameGenerator - [startingWith,40] - Generating unique operation named: selectAllUsingGET_1
11:17:15.263 [main] INFO  s.d.s.w.r.o.CachingOperationNameGenerator - [startingWith,40] - Generating unique operation named: selectByIdUsingGET_1
11:17:15.264 [main] INFO  s.d.s.w.r.o.CachingOperationNameGenerator - [startingWith,40] - Generating unique operation named: selectPageVoUsingGET_1
11:17:15.270 [main] INFO  s.d.s.w.r.o.CachingOperationNameGenerator - [startingWith,40] - Generating unique operation named: selectAllUsingGET_2
11:17:15.272 [main] INFO  s.d.s.w.r.o.CachingOperationNameGenerator - [startingWith,40] - Generating unique operation named: selectPageVoUsingGET_2
11:17:15.286 [main] INFO  o.a.c.h.Http11NioProtocol - [log,173] - Starting ProtocolHandler ["http-nio-8080"]
11:17:15.307 [main] INFO  c.p.m.MyBlogApplication - [logStarted,59] - Started MyBlogApplication in 5.37 seconds (JVM running for 6.366)
11:21:59.137 [main] INFO  c.p.m.MyBlogApplication - [logStarting,50] - Starting MyBlogApplication on DESKTOP-MR6GB2V with PID 25180 (E:\IDEA\MyBlog\target\classes started by Admin in E:\IDEA\MyBlog)
11:21:59.140 [main] INFO  c.p.m.MyBlogApplication - [logStartupProfileInfo,652] - The following profiles are active: druid
11:22:02.537 [main] INFO  o.a.c.h.Http11NioProtocol - [log,173] - Initializing ProtocolHandler ["http-nio-8080"]
11:22:02.544 [main] INFO  o.a.c.c.StandardService - [log,173] - Starting service [Tomcat]
11:22:02.544 [main] INFO  o.a.c.c.StandardEngine - [log,173] - Starting Servlet engine: [Apache Tomcat/9.0.29]
11:22:02.672 [main] INFO  o.a.c.c.C.[.[.[/] - [log,173] - Initializing Spring embedded WebApplicationContext
11:22:03.172 [main] INFO  c.a.d.s.b.a.DruidDataSourceAutoConfigure - [dataSource,56] - Init DruidDataSource
11:22:04.183 [main] INFO  c.a.d.p.DruidDataSource - [init,930] - {dataSource-1} inited
11:22:05.175 [main] INFO  s.d.s.w.PropertySourcedRequestMappingHandlerMapping - [initHandlerMethods,69] - Mapped URL path [/v2/api-docs] onto method [public org.springframework.http.ResponseEntity<springfox.documentation.spring.web.json.Json> springfox.documentation.swagger2.web.Swagger2Controller.getDocumentation(java.lang.String,javax.servlet.http.HttpServletRequest)]
11:22:06.265 [main] INFO  s.d.s.w.p.DocumentationPluginsBootstrapper - [start,160] - Context refreshed
11:22:06.451 [main] INFO  s.d.s.w.p.DocumentationPluginsBootstrapper - [start,163] - Found 1 custom documentation plugin(s)
11:22:06.503 [main] INFO  s.d.s.w.s.ApiListingReferenceScanner - [scan,41] - Scanning for api listing references
11:22:06.810 [main] INFO  s.d.s.w.r.o.CachingOperationNameGenerator - [startingWith,40] - Generating unique operation named: selectAllUsingGET_1
11:22:06.811 [main] INFO  s.d.s.w.r.o.CachingOperationNameGenerator - [startingWith,40] - Generating unique operation named: selectByIdUsingGET_1
11:22:06.813 [main] INFO  s.d.s.w.r.o.CachingOperationNameGenerator - [startingWith,40] - Generating unique operation named: selectPageVoUsingGET_1
11:22:06.818 [main] INFO  s.d.s.w.r.o.CachingOperationNameGenerator - [startingWith,40] - Generating unique operation named: selectAllUsingGET_2
11:22:06.820 [main] INFO  s.d.s.w.r.o.CachingOperationNameGenerator - [startingWith,40] - Generating unique operation named: selectPageVoUsingGET_2
11:22:06.849 [main] INFO  o.a.c.h.Http11NioProtocol - [log,173] - Starting ProtocolHandler ["http-nio-8080"]
11:22:06.870 [main] INFO  c.p.m.MyBlogApplication - [logStarted,59] - Started MyBlogApplication in 8.095 seconds (JVM running for 9.401)
11:25:19.013 [main] INFO  c.p.m.MyBlogApplication - [logStarting,50] - Starting MyBlogApplication on DESKTOP-MR6GB2V with PID 37720 (E:\IDEA\MyBlog\target\classes started by Admin in E:\IDEA\MyBlog)
11:25:19.016 [main] INFO  c.p.m.MyBlogApplication - [logStartupProfileInfo,652] - The following profiles are active: druid
11:25:20.662 [main] INFO  o.a.c.h.Http11NioProtocol - [log,173] - Initializing ProtocolHandler ["http-nio-8080"]
11:25:20.669 [main] INFO  o.a.c.c.StandardService - [log,173] - Starting service [Tomcat]
11:25:20.669 [main] INFO  o.a.c.c.StandardEngine - [log,173] - Starting Servlet engine: [Apache Tomcat/9.0.29]
11:25:20.785 [main] INFO  o.a.c.c.C.[.[.[/] - [log,173] - Initializing Spring embedded WebApplicationContext
11:25:21.086 [main] INFO  c.a.d.s.b.a.DruidDataSourceAutoConfigure - [dataSource,56] - Init DruidDataSource
11:25:22.077 [main] INFO  c.a.d.p.DruidDataSource - [init,1003] - {dataSource-1} inited
11:25:22.945 [main] INFO  s.d.s.w.PropertySourcedRequestMappingHandlerMapping - [initHandlerMethods,69] - Mapped URL path [/v2/api-docs] onto method [public org.springframework.http.ResponseEntity<springfox.documentation.spring.web.json.Json> springfox.documentation.swagger2.web.Swagger2Controller.getDocumentation(java.lang.String,javax.servlet.http.HttpServletRequest)]
11:25:23.721 [main] INFO  s.d.s.w.p.DocumentationPluginsBootstrapper - [start,160] - Context refreshed
11:25:23.738 [main] INFO  s.d.s.w.p.DocumentationPluginsBootstrapper - [start,163] - Found 1 custom documentation plugin(s)
11:25:23.975 [main] INFO  s.d.s.w.s.ApiListingReferenceScanner - [scan,41] - Scanning for api listing references
11:25:24.115 [main] INFO  s.d.s.w.r.o.CachingOperationNameGenerator - [startingWith,40] - Generating unique operation named: selectAllUsingGET_1
11:25:24.117 [main] INFO  s.d.s.w.r.o.CachingOperationNameGenerator - [startingWith,40] - Generating unique operation named: selectByIdUsingGET_1
11:25:24.119 [main] INFO  s.d.s.w.r.o.CachingOperationNameGenerator - [startingWith,40] - Generating unique operation named: selectPageVoUsingGET_1
11:25:24.126 [main] INFO  s.d.s.w.r.o.CachingOperationNameGenerator - [startingWith,40] - Generating unique operation named: selectAllUsingGET_2
11:25:24.128 [main] INFO  s.d.s.w.r.o.CachingOperationNameGenerator - [startingWith,40] - Generating unique operation named: selectPageVoUsingGET_2
11:25:24.143 [main] INFO  o.a.c.h.Http11NioProtocol - [log,173] - Starting ProtocolHandler ["http-nio-8080"]
11:25:24.170 [main] INFO  c.p.m.MyBlogApplication - [logStarted,59] - Started MyBlogApplication in 5.45 seconds (JVM running for 6.487)
11:28:37.271 [main] INFO  c.p.m.MyBlogApplication - [logStarting,50] - Starting MyBlogApplication on DESKTOP-MR6GB2V with PID 10352 (E:\IDEA\MyBlog\target\classes started by Admin in E:\IDEA\MyBlog)
11:28:37.274 [main] INFO  c.p.m.MyBlogApplication - [logStartupProfileInfo,652] - The following profiles are active: druid
11:28:38.888 [main] INFO  o.a.c.h.Http11NioProtocol - [log,173] - Initializing ProtocolHandler ["http-nio-8080"]
11:28:38.893 [main] INFO  o.a.c.c.StandardService - [log,173] - Starting service [Tomcat]
11:28:38.894 [main] INFO  o.a.c.c.StandardEngine - [log,173] - Starting Servlet engine: [Apache Tomcat/9.0.29]
11:28:39.007 [main] INFO  o.a.c.c.C.[.[.[/] - [log,173] - Initializing Spring embedded WebApplicationContext
11:28:39.308 [main] INFO  c.a.d.s.b.a.DruidDataSourceAutoConfigure - [dataSource,56] - Init DruidDataSource
11:28:40.139 [main] INFO  c.a.d.p.DruidDataSource - [init,1003] - {dataSource-1} inited
11:28:40.908 [main] INFO  s.d.s.w.PropertySourcedRequestMappingHandlerMapping - [initHandlerMethods,69] - Mapped URL path [/v2/api-docs] onto method [public org.springframework.http.ResponseEntity<springfox.documentation.spring.web.json.Json> springfox.documentation.swagger2.web.Swagger2Controller.getDocumentation(java.lang.String,javax.servlet.http.HttpServletRequest)]
11:28:41.643 [main] INFO  s.d.s.w.p.DocumentationPluginsBootstrapper - [start,160] - Context refreshed
11:28:41.656 [main] INFO  s.d.s.w.p.DocumentationPluginsBootstrapper - [start,163] - Found 1 custom documentation plugin(s)
11:28:41.862 [main] INFO  s.d.s.w.s.ApiListingReferenceScanner - [scan,41] - Scanning for api listing references
11:28:41.977 [main] INFO  s.d.s.w.r.o.CachingOperationNameGenerator - [startingWith,40] - Generating unique operation named: selectAllUsingGET_1
11:28:41.978 [main] INFO  s.d.s.w.r.o.CachingOperationNameGenerator - [startingWith,40] - Generating unique operation named: selectByIdUsingGET_1
11:28:41.980 [main] INFO  s.d.s.w.r.o.CachingOperationNameGenerator - [startingWith,40] - Generating unique operation named: selectPageVoUsingGET_1
11:28:41.985 [main] INFO  s.d.s.w.r.o.CachingOperationNameGenerator - [startingWith,40] - Generating unique operation named: selectAllUsingGET_2
11:28:41.987 [main] INFO  s.d.s.w.r.o.CachingOperationNameGenerator - [startingWith,40] - Generating unique operation named: selectPageVoUsingGET_2
11:28:42.000 [main] INFO  o.a.c.h.Http11NioProtocol - [log,173] - Starting ProtocolHandler ["http-nio-8080"]
11:28:42.021 [main] INFO  c.p.m.MyBlogApplication - [logStarted,59] - Started MyBlogApplication in 5.056 seconds (JVM running for 6.058)
11:33:44.708 [main] INFO  c.p.m.MyBlogApplication - [logStarting,50] - Starting MyBlogApplication on DESKTOP-MR6GB2V with PID 35012 (E:\IDEA\MyBlog\target\classes started by Admin in E:\IDEA\MyBlog)
11:33:44.711 [main] INFO  c.p.m.MyBlogApplication - [logStartupProfileInfo,652] - The following profiles are active: druid
11:33:46.475 [main] INFO  o.a.c.h.Http11NioProtocol - [log,173] - Initializing ProtocolHandler ["http-nio-8080"]
11:33:46.481 [main] INFO  o.a.c.c.StandardService - [log,173] - Starting service [Tomcat]
11:33:46.482 [main] INFO  o.a.c.c.StandardEngine - [log,173] - Starting Servlet engine: [Apache Tomcat/9.0.29]
11:33:46.597 [main] INFO  o.a.c.c.C.[.[.[/] - [log,173] - Initializing Spring embedded WebApplicationContext
11:33:46.893 [main] INFO  c.a.d.s.b.a.DruidDataSourceAutoConfigure - [dataSource,56] - Init DruidDataSource
11:33:47.722 [main] INFO  c.a.d.p.DruidDataSource - [init,1003] - {dataSource-1} inited
11:33:48.482 [main] INFO  s.d.s.w.PropertySourcedRequestMappingHandlerMapping - [initHandlerMethods,69] - Mapped URL path [/v2/api-docs] onto method [public org.springframework.http.ResponseEntity<springfox.documentation.spring.web.json.Json> springfox.documentation.swagger2.web.Swagger2Controller.getDocumentation(java.lang.String,javax.servlet.http.HttpServletRequest)]
11:33:49.187 [main] INFO  s.d.s.w.p.DocumentationPluginsBootstrapper - [start,160] - Context refreshed
11:33:49.201 [main] INFO  s.d.s.w.p.DocumentationPluginsBootstrapper - [start,163] - Found 1 custom documentation plugin(s)
11:33:49.415 [main] INFO  s.d.s.w.s.ApiListingReferenceScanner - [scan,41] - Scanning for api listing references
11:33:49.529 [main] INFO  s.d.s.w.r.o.CachingOperationNameGenerator - [startingWith,40] - Generating unique operation named: selectAllUsingGET_1
11:33:49.531 [main] INFO  s.d.s.w.r.o.CachingOperationNameGenerator - [startingWith,40] - Generating unique operation named: selectByIdUsingGET_1
11:33:49.532 [main] INFO  s.d.s.w.r.o.CachingOperationNameGenerator - [startingWith,40] - Generating unique operation named: selectPageVoUsingGET_1
11:33:49.538 [main] INFO  s.d.s.w.r.o.CachingOperationNameGenerator - [startingWith,40] - Generating unique operation named: selectAllUsingGET_2
11:33:49.540 [main] INFO  s.d.s.w.r.o.CachingOperationNameGenerator - [startingWith,40] - Generating unique operation named: selectPageVoUsingGET_2
11:33:49.553 [main] INFO  o.a.c.h.Http11NioProtocol - [log,173] - Starting ProtocolHandler ["http-nio-8080"]
11:33:49.576 [main] INFO  c.p.m.MyBlogApplication - [logStarted,59] - Started MyBlogApplication in 5.233 seconds (JVM running for 6.433)
11:36:35.381 [http-nio-8080-exec-25] INFO  o.a.c.c.C.[.[.[/] - [log,173] - Initializing Spring DispatcherServlet 'dispatcherServlet'
11:36:36.897 [http-nio-8080-exec-26] INFO  i.l.c.EpollProvider - [<clinit>,68] - Starting without optional epoll library
11:36:36.899 [http-nio-8080-exec-26] INFO  i.l.c.KqueueProvider - [<clinit>,70] - Starting without optional kqueue library
11:41:28.969 [main] INFO  c.p.m.MyBlogApplication - [logStarting,50] - Starting MyBlogApplication on DESKTOP-MR6GB2V with PID 39652 (E:\IDEA\MyBlog\target\classes started by Admin in E:\IDEA\MyBlog)
11:41:28.971 [main] INFO  c.p.m.MyBlogApplication - [logStartupProfileInfo,652] - The following profiles are active: druid
11:41:30.530 [main] INFO  o.a.c.h.Http11NioProtocol - [log,173] - Initializing ProtocolHandler ["http-nio-8080"]
11:41:30.537 [main] INFO  o.a.c.c.StandardService - [log,173] - Starting service [Tomcat]
11:41:30.537 [main] INFO  o.a.c.c.StandardEngine - [log,173] - Starting Servlet engine: [Apache Tomcat/9.0.29]
11:41:30.653 [main] INFO  o.a.c.c.C.[.[.[/] - [log,173] - Initializing Spring embedded WebApplicationContext
11:41:30.954 [main] INFO  c.a.d.s.b.a.DruidDataSourceAutoConfigure - [dataSource,56] - Init DruidDataSource
11:41:31.778 [main] INFO  c.a.d.p.DruidDataSource - [init,1003] - {dataSource-1} inited
11:41:32.562 [main] INFO  s.d.s.w.PropertySourcedRequestMappingHandlerMapping - [initHandlerMethods,69] - Mapped URL path [/v2/api-docs] onto method [public org.springframework.http.ResponseEntity<springfox.documentation.spring.web.json.Json> springfox.documentation.swagger2.web.Swagger2Controller.getDocumentation(java.lang.String,javax.servlet.http.HttpServletRequest)]
11:41:33.258 [main] INFO  s.d.s.w.p.DocumentationPluginsBootstrapper - [start,160] - Context refreshed
11:41:33.273 [main] INFO  s.d.s.w.p.DocumentationPluginsBootstrapper - [start,163] - Found 1 custom documentation plugin(s)
11:41:33.483 [main] INFO  s.d.s.w.s.ApiListingReferenceScanner - [scan,41] - Scanning for api listing references
11:41:33.598 [main] INFO  s.d.s.w.r.o.CachingOperationNameGenerator - [startingWith,40] - Generating unique operation named: selectAllUsingGET_1
11:41:33.599 [main] INFO  s.d.s.w.r.o.CachingOperationNameGenerator - [startingWith,40] - Generating unique operation named: selectByIdUsingGET_1
11:41:33.600 [main] INFO  s.d.s.w.r.o.CachingOperationNameGenerator - [startingWith,40] - Generating unique operation named: selectPageVoUsingGET_1
11:41:33.605 [main] INFO  s.d.s.w.r.o.CachingOperationNameGenerator - [startingWith,40] - Generating unique operation named: selectAllUsingGET_2
11:41:33.608 [main] INFO  s.d.s.w.r.o.CachingOperationNameGenerator - [startingWith,40] - Generating unique operation named: selectPageVoUsingGET_2
11:41:33.620 [main] INFO  o.a.c.h.Http11NioProtocol - [log,173] - Starting ProtocolHandler ["http-nio-8080"]
11:41:33.640 [main] INFO  c.p.m.MyBlogApplication - [logStarted,59] - Started MyBlogApplication in 4.963 seconds (JVM running for 5.963)
11:42:11.543 [http-nio-8080-exec-10] INFO  o.a.c.c.C.[.[.[/] - [log,173] - Initializing Spring DispatcherServlet 'dispatcherServlet'
11:42:12.281 [http-nio-8080-exec-10] INFO  i.l.c.EpollProvider - [<clinit>,68] - Starting without optional epoll library
11:42:12.282 [http-nio-8080-exec-10] INFO  i.l.c.KqueueProvider - [<clinit>,70] - Starting without optional kqueue library
11:43:08.082 [main] INFO  c.p.m.MyBlogApplication - [logStarting,50] - Starting MyBlogApplication on DESKTOP-MR6GB2V with PID 37148 (E:\IDEA\MyBlog\target\classes started by Admin in E:\IDEA\MyBlog)
11:43:08.085 [main] INFO  c.p.m.MyBlogApplication - [logStartupProfileInfo,652] - The following profiles are active: druid
11:43:09.652 [main] INFO  o.a.c.h.Http11NioProtocol - [log,173] - Initializing ProtocolHandler ["http-nio-8080"]
11:43:09.658 [main] INFO  o.a.c.c.StandardService - [log,173] - Starting service [Tomcat]
11:43:09.658 [main] INFO  o.a.c.c.StandardEngine - [log,173] - Starting Servlet engine: [Apache Tomcat/9.0.29]
11:43:09.768 [main] INFO  o.a.c.c.C.[.[.[/] - [log,173] - Initializing Spring embedded WebApplicationContext
11:43:10.064 [main] INFO  c.a.d.s.b.a.DruidDataSourceAutoConfigure - [dataSource,56] - Init DruidDataSource
11:43:10.909 [main] INFO  c.a.d.p.DruidDataSource - [init,1003] - {dataSource-1} inited
11:43:11.673 [main] INFO  s.d.s.w.PropertySourcedRequestMappingHandlerMapping - [initHandlerMethods,69] - Mapped URL path [/v2/api-docs] onto method [public org.springframework.http.ResponseEntity<springfox.documentation.spring.web.json.Json> springfox.documentation.swagger2.web.Swagger2Controller.getDocumentation(java.lang.String,javax.servlet.http.HttpServletRequest)]
11:43:12.356 [main] INFO  s.d.s.w.p.DocumentationPluginsBootstrapper - [start,160] - Context refreshed
11:43:12.369 [main] INFO  s.d.s.w.p.DocumentationPluginsBootstrapper - [start,163] - Found 1 custom documentation plugin(s)
11:43:12.581 [main] INFO  s.d.s.w.s.ApiListingReferenceScanner - [scan,41] - Scanning for api listing references
11:43:12.693 [main] INFO  s.d.s.w.r.o.CachingOperationNameGenerator - [startingWith,40] - Generating unique operation named: selectAllUsingGET_1
11:43:12.695 [main] INFO  s.d.s.w.r.o.CachingOperationNameGenerator - [startingWith,40] - Generating unique operation named: selectByIdUsingGET_1
11:43:12.696 [main] INFO  s.d.s.w.r.o.CachingOperationNameGenerator - [startingWith,40] - Generating unique operation named: selectPageVoUsingGET_1
11:43:12.701 [main] INFO  s.d.s.w.r.o.CachingOperationNameGenerator - [startingWith,40] - Generating unique operation named: selectAllUsingGET_2
11:43:12.704 [main] INFO  s.d.s.w.r.o.CachingOperationNameGenerator - [startingWith,40] - Generating unique operation named: selectPageVoUsingGET_2
11:43:12.716 [main] INFO  o.a.c.h.Http11NioProtocol - [log,173] - Starting ProtocolHandler ["http-nio-8080"]
11:43:12.736 [main] INFO  c.p.m.MyBlogApplication - [logStarted,59] - Started MyBlogApplication in 4.967 seconds (JVM running for 5.987)
11:44:40.487 [main] INFO  c.p.m.MyBlogApplication - [logStarting,50] - Starting MyBlogApplication on DESKTOP-MR6GB2V with PID 40556 (E:\IDEA\MyBlog\target\classes started by Admin in E:\IDEA\MyBlog)
11:44:40.490 [main] INFO  c.p.m.MyBlogApplication - [logStartupProfileInfo,652] - The following profiles are active: druid
11:44:42.075 [main] INFO  o.a.c.h.Http11NioProtocol - [log,173] - Initializing ProtocolHandler ["http-nio-8080"]
11:44:42.081 [main] INFO  o.a.c.c.StandardService - [log,173] - Starting service [Tomcat]
11:44:42.081 [main] INFO  o.a.c.c.StandardEngine - [log,173] - Starting Servlet engine: [Apache Tomcat/9.0.29]
11:44:42.192 [main] INFO  o.a.c.c.C.[.[.[/] - [log,173] - Initializing Spring embedded WebApplicationContext
11:44:42.698 [main] INFO  o.a.c.c.StandardService - [log,173] - Stopping service [Tomcat]
11:45:41.797 [main] INFO  c.p.m.MyBlogApplication - [logStarting,50] - Starting MyBlogApplication on DESKTOP-MR6GB2V with PID 37992 (E:\IDEA\MyBlog\target\classes started by Admin in E:\IDEA\MyBlog)
11:45:41.799 [main] INFO  c.p.m.MyBlogApplication - [logStartupProfileInfo,652] - The following profiles are active: druid
11:45:43.377 [main] INFO  o.a.c.h.Http11NioProtocol - [log,173] - Initializing ProtocolHandler ["http-nio-8080"]
11:45:43.383 [main] INFO  o.a.c.c.StandardService - [log,173] - Starting service [Tomcat]
11:45:43.383 [main] INFO  o.a.c.c.StandardEngine - [log,173] - Starting Servlet engine: [Apache Tomcat/9.0.29]
11:45:43.494 [main] INFO  o.a.c.c.C.[.[.[/] - [log,173] - Initializing Spring embedded WebApplicationContext
11:45:44.677 [main] INFO  s.d.s.w.PropertySourcedRequestMappingHandlerMapping - [initHandlerMethods,69] - Mapped URL path [/v2/api-docs] onto method [public org.springframework.http.ResponseEntity<springfox.documentation.spring.web.json.Json> springfox.documentation.swagger2.web.Swagger2Controller.getDocumentation(java.lang.String,javax.servlet.http.HttpServletRequest)]
11:45:45.364 [main] INFO  s.d.s.w.p.DocumentationPluginsBootstrapper - [start,160] - Context refreshed
11:45:45.378 [main] INFO  s.d.s.w.p.DocumentationPluginsBootstrapper - [start,163] - Found 1 custom documentation plugin(s)
11:45:45.407 [main] INFO  s.d.s.w.s.ApiListingReferenceScanner - [scan,41] - Scanning for api listing references
11:45:45.524 [main] INFO  s.d.s.w.r.o.CachingOperationNameGenerator - [startingWith,40] - Generating unique operation named: selectAllUsingGET_1
11:45:45.525 [main] INFO  s.d.s.w.r.o.CachingOperationNameGenerator - [startingWith,40] - Generating unique operation named: selectByIdUsingGET_1
11:45:45.526 [main] INFO  s.d.s.w.r.o.CachingOperationNameGenerator - [startingWith,40] - Generating unique operation named: selectPageVoUsingGET_1
11:45:45.532 [main] INFO  s.d.s.w.r.o.CachingOperationNameGenerator - [startingWith,40] - Generating unique operation named: selectAllUsingGET_2
11:45:45.535 [main] INFO  s.d.s.w.r.o.CachingOperationNameGenerator - [startingWith,40] - Generating unique operation named: selectPageVoUsingGET_2
11:45:45.548 [main] INFO  o.a.c.h.Http11NioProtocol - [log,173] - Starting ProtocolHandler ["http-nio-8080"]
11:45:45.570 [main] INFO  c.p.m.MyBlogApplication - [logStarted,59] - Started MyBlogApplication in 4.129 seconds (JVM running for 5.135)
11:45:55.324 [http-nio-8080-exec-1] INFO  o.a.c.c.C.[.[.[/] - [log,173] - Initializing Spring DispatcherServlet 'dispatcherServlet'
11:45:57.477 [http-nio-8080-exec-1] INFO  c.a.d.p.DruidDataSource - [init,1003] - {dataSource-1} inited
11:45:58.028 [http-nio-8080-exec-1] INFO  i.l.c.EpollProvider - [<clinit>,68] - Starting without optional epoll library
11:45:58.029 [http-nio-8080-exec-1] INFO  i.l.c.KqueueProvider - [<clinit>,70] - Starting without optional kqueue library
12:01:08.263 [main] INFO  c.p.m.MyBlogApplication - [logStarting,50] - Starting MyBlogApplication on DESKTOP-MR6GB2V with PID 40928 (E:\IDEA\MyBlog\target\classes started by Admin in E:\IDEA\MyBlog)
12:01:08.265 [main] INFO  c.p.m.MyBlogApplication - [logStartupProfileInfo,652] - The following profiles are active: druid
12:02:05.128 [main] INFO  c.p.m.MyBlogApplication - [logStarting,50] - Starting MyBlogApplication on DESKTOP-MR6GB2V with PID 19864 (E:\IDEA\MyBlog\target\classes started by Admin in E:\IDEA\MyBlog)
12:02:05.131 [main] INFO  c.p.m.MyBlogApplication - [logStartupProfileInfo,652] - The following profiles are active: druid
12:02:07.022 [main] INFO  o.a.c.h.Http11NioProtocol - [log,173] - Initializing ProtocolHandler ["http-nio-8080"]
12:02:07.032 [main] INFO  o.a.c.c.StandardService - [log,173] - Starting service [Tomcat]
12:02:07.033 [main] INFO  o.a.c.c.StandardEngine - [log,173] - Starting Servlet engine: [Apache Tomcat/9.0.29]
12:02:07.166 [main] INFO  o.a.c.c.C.[.[.[/] - [log,173] - Initializing Spring embedded WebApplicationContext
12:02:08.400 [main] INFO  s.d.s.w.PropertySourcedRequestMappingHandlerMapping - [initHandlerMethods,69] - Mapped URL path [/v2/api-docs] onto method [public org.springframework.http.ResponseEntity<springfox.documentation.spring.web.json.Json> springfox.documentation.swagger2.web.Swagger2Controller.getDocumentation(java.lang.String,javax.servlet.http.HttpServletRequest)]
12:02:09.190 [main] INFO  s.d.s.w.p.DocumentationPluginsBootstrapper - [start,160] - Context refreshed
12:02:09.206 [main] INFO  s.d.s.w.p.DocumentationPluginsBootstrapper - [start,163] - Found 1 custom documentation plugin(s)
12:02:09.238 [main] INFO  s.d.s.w.s.ApiListingReferenceScanner - [scan,41] - Scanning for api listing references
12:02:09.374 [main] INFO  s.d.s.w.r.o.CachingOperationNameGenerator - [startingWith,40] - Generating unique operation named: selectAllUsingGET_1
12:02:09.375 [main] INFO  s.d.s.w.r.o.CachingOperationNameGenerator - [startingWith,40] - Generating unique operation named: selectByIdUsingGET_1
12:02:09.376 [main] INFO  s.d.s.w.r.o.CachingOperationNameGenerator - [startingWith,40] - Generating unique operation named: selectPageVoUsingGET_1
12:02:09.382 [main] INFO  s.d.s.w.r.o.CachingOperationNameGenerator - [startingWith,40] - Generating unique operation named: selectAllUsingGET_2
12:02:09.384 [main] INFO  s.d.s.w.r.o.CachingOperationNameGenerator - [startingWith,40] - Generating unique operation named: selectPageVoUsingGET_2
12:02:09.398 [main] INFO  o.a.c.h.Http11NioProtocol - [log,173] - Starting ProtocolHandler ["http-nio-8080"]
12:02:09.422 [main] INFO  c.p.m.MyBlogApplication - [logStarted,59] - Started MyBlogApplication in 4.65 seconds (JVM running for 5.675)
12:02:17.430 [http-nio-8080-exec-7] INFO  o.a.c.c.C.[.[.[/] - [log,173] - Initializing Spring DispatcherServlet 'dispatcherServlet'
12:02:18.483 [http-nio-8080-exec-10] INFO  c.a.d.p.DruidDataSource - [init,1003] - {dataSource-1} inited
12:02:18.790 [http-nio-8080-exec-10] INFO  i.l.c.EpollProvider - [<clinit>,68] - Starting without optional epoll library
12:02:18.794 [http-nio-8080-exec-10] INFO  i.l.c.KqueueProvider - [<clinit>,70] - Starting without optional kqueue library
12:02:42.839 [main] INFO  c.p.m.MyBlogApplication - [logStarting,50] - Starting MyBlogApplication on DESKTOP-MR6GB2V with PID 38972 (E:\IDEA\MyBlog\target\classes started by Admin in E:\IDEA\MyBlog)
12:02:42.842 [main] INFO  c.p.m.MyBlogApplication - [logStartupProfileInfo,652] - The following profiles are active: druid
12:02:44.417 [main] INFO  o.a.c.h.Http11NioProtocol - [log,173] - Initializing ProtocolHandler ["http-nio-8080"]
12:02:44.423 [main] INFO  o.a.c.c.StandardService - [log,173] - Starting service [Tomcat]
12:02:44.423 [main] INFO  o.a.c.c.StandardEngine - [log,173] - Starting Servlet engine: [Apache Tomcat/9.0.29]
12:02:44.537 [main] INFO  o.a.c.c.C.[.[.[/] - [log,173] - Initializing Spring embedded WebApplicationContext
12:02:45.763 [main] INFO  s.d.s.w.PropertySourcedRequestMappingHandlerMapping - [initHandlerMethods,69] - Mapped URL path [/v2/api-docs] onto method [public org.springframework.http.ResponseEntity<springfox.documentation.spring.web.json.Json> springfox.documentation.swagger2.web.Swagger2Controller.getDocumentation(java.lang.String,javax.servlet.http.HttpServletRequest)]
12:02:46.468 [main] INFO  s.d.s.w.p.DocumentationPluginsBootstrapper - [start,160] - Context refreshed
12:02:46.481 [main] INFO  s.d.s.w.p.DocumentationPluginsBootstrapper - [start,163] - Found 1 custom documentation plugin(s)
12:02:46.512 [main] INFO  s.d.s.w.s.ApiListingReferenceScanner - [scan,41] - Scanning for api listing references
12:02:46.634 [main] INFO  s.d.s.w.r.o.CachingOperationNameGenerator - [startingWith,40] - Generating unique operation named: selectAllUsingGET_1
12:02:46.635 [main] INFO  s.d.s.w.r.o.CachingOperationNameGenerator - [startingWith,40] - Generating unique operation named: selectByIdUsingGET_1
12:02:46.637 [main] INFO  s.d.s.w.r.o.CachingOperationNameGenerator - [startingWith,40] - Generating unique operation named: selectPageVoUsingGET_1
12:02:46.643 [main] INFO  s.d.s.w.r.o.CachingOperationNameGenerator - [startingWith,40] - Generating unique operation named: selectAllUsingGET_2
12:02:46.645 [main] INFO  s.d.s.w.r.o.CachingOperationNameGenerator - [startingWith,40] - Generating unique operation named: selectPageVoUsingGET_2
12:02:46.660 [main] INFO  o.a.c.h.Http11NioProtocol - [log,173] - Starting ProtocolHandler ["http-nio-8080"]
12:02:46.703 [main] INFO  c.p.m.MyBlogApplication - [logStarted,59] - Started MyBlogApplication in 4.175 seconds (JVM running for 5.206)
12:02:55.628 [http-nio-8080-exec-4] INFO  o.a.c.c.C.[.[.[/] - [log,173] - Initializing Spring DispatcherServlet 'dispatcherServlet'
12:02:56.633 [http-nio-8080-exec-4] INFO  c.a.d.p.DruidDataSource - [init,1003] - {dataSource-1} inited
12:02:56.822 [http-nio-8080-exec-4] INFO  i.l.c.EpollProvider - [<clinit>,68] - Starting without optional epoll library
12:02:56.823 [http-nio-8080-exec-4] INFO  i.l.c.KqueueProvider - [<clinit>,70] - Starting without optional kqueue library
12:06:45.803 [main] INFO  c.p.m.MyBlogApplication - [logStarting,50] - Starting MyBlogApplication on DESKTOP-MR6GB2V with PID 11256 (E:\IDEA\MyBlog\target\classes started by Admin in E:\IDEA\MyBlog)
12:06:45.806 [main] INFO  c.p.m.MyBlogApplication - [logStartupProfileInfo,652] - The following profiles are active: druid
12:06:47.411 [main] INFO  o.a.c.h.Http11NioProtocol - [log,173] - Initializing ProtocolHandler ["http-nio-8080"]
12:06:47.417 [main] INFO  o.a.c.c.StandardService - [log,173] - Starting service [Tomcat]
12:06:47.417 [main] INFO  o.a.c.c.StandardEngine - [log,173] - Starting Servlet engine: [Apache Tomcat/9.0.29]
12:06:47.530 [main] INFO  o.a.c.c.C.[.[.[/] - [log,173] - Initializing Spring embedded WebApplicationContext
12:06:48.709 [main] INFO  s.d.s.w.PropertySourcedRequestMappingHandlerMapping - [initHandlerMethods,69] - Mapped URL path [/v2/api-docs] onto method [public org.springframework.http.ResponseEntity<springfox.documentation.spring.web.json.Json> springfox.documentation.swagger2.web.Swagger2Controller.getDocumentation(java.lang.String,javax.servlet.http.HttpServletRequest)]
12:06:49.400 [main] INFO  s.d.s.w.p.DocumentationPluginsBootstrapper - [start,160] - Context refreshed
12:06:49.414 [main] INFO  s.d.s.w.p.DocumentationPluginsBootstrapper - [start,163] - Found 1 custom documentation plugin(s)
12:06:49.445 [main] INFO  s.d.s.w.s.ApiListingReferenceScanner - [scan,41] - Scanning for api listing references
12:06:49.576 [main] INFO  s.d.s.w.r.o.CachingOperationNameGenerator - [startingWith,40] - Generating unique operation named: selectAllUsingGET_1
12:06:49.577 [main] INFO  s.d.s.w.r.o.CachingOperationNameGenerator - [startingWith,40] - Generating unique operation named: selectByIdUsingGET_1
12:06:49.578 [main] INFO  s.d.s.w.r.o.CachingOperationNameGenerator - [startingWith,40] - Generating unique operation named: selectPageVoUsingGET_1
12:06:49.584 [main] INFO  s.d.s.w.r.o.CachingOperationNameGenerator - [startingWith,40] - Generating unique operation named: selectAllUsingGET_2
12:06:49.586 [main] INFO  s.d.s.w.r.o.CachingOperationNameGenerator - [startingWith,40] - Generating unique operation named: selectPageVoUsingGET_2
12:06:49.599 [main] INFO  o.a.c.h.Http11NioProtocol - [log,173] - Starting ProtocolHandler ["http-nio-8080"]
12:06:49.621 [main] INFO  c.p.m.MyBlogApplication - [logStarted,59] - Started MyBlogApplication in 4.125 seconds (JVM running for 5.144)
12:07:03.644 [http-nio-8080-exec-16] INFO  o.a.c.c.C.[.[.[/] - [log,173] - Initializing Spring DispatcherServlet 'dispatcherServlet'
12:07:04.590 [http-nio-8080-exec-16] INFO  c.a.d.p.DruidDataSource - [init,1003] - {dataSource-1} inited
12:07:08.021 [http-nio-8080-exec-9] INFO  i.l.c.EpollProvider - [<clinit>,68] - Starting without optional epoll library
12:07:08.022 [http-nio-8080-exec-9] INFO  i.l.c.KqueueProvider - [<clinit>,70] - Starting without optional kqueue library
