10:23:43.286 [main] INFO  c.p.m.MyBlogApplication - [logStarting,50] - Starting MyBlogApplication on DESKTOP-MR6GB2V with PID 11436 (E:\IDEA\MyBlog\target\classes started by Admin in E:\IDEA\MyBlog)
10:23:43.292 [main] INFO  c.p.m.MyBlogApplication - [logStartupProfileInfo,652] - The following profiles are active: druid
10:23:47.389 [main] INFO  o.a.c.h.Http11NioProtocol - [log,173] - Initializing ProtocolHandler ["http-nio-8080"]
10:23:47.396 [main] INFO  o.a.c.c.StandardService - [log,173] - Starting service [Tomcat]
10:23:47.396 [main] INFO  o.a.c.c.StandardEngine - [log,173] - Starting Servlet engine: [Apache Tomcat/9.0.29]
10:23:47.525 [main] INFO  o.a.c.c.C.[.[.[/] - [log,173] - Initializing Spring embedded WebApplicationContext
10:23:48.805 [main] INFO  s.d.s.w.PropertySourcedRequestMappingHandlerMapping - [initHandlerMethods,69] - Mapped URL path [/v2/api-docs] onto method [public org.springframework.http.ResponseEntity<springfox.documentation.spring.web.json.Json> springfox.documentation.swagger2.web.Swagger2Controller.getDocumentation(java.lang.String,javax.servlet.http.HttpServletRequest)]
10:23:50.135 [main] INFO  s.d.s.w.p.DocumentationPluginsBootstrapper - [start,160] - Context refreshed
10:23:50.151 [main] INFO  s.d.s.w.p.DocumentationPluginsBootstrapper - [start,163] - Found 1 custom documentation plugin(s)
10:23:50.196 [main] INFO  s.d.s.w.s.ApiListingReferenceScanner - [scan,41] - Scanning for api listing references
10:23:50.373 [main] INFO  s.d.s.w.r.o.CachingOperationNameGenerator - [startingWith,40] - Generating unique operation named: selectAllUsingGET_1
10:23:50.375 [main] INFO  s.d.s.w.r.o.CachingOperationNameGenerator - [startingWith,40] - Generating unique operation named: selectAllUsingGET_2
10:23:50.388 [main] INFO  o.a.c.h.Http11NioProtocol - [log,173] - Starting ProtocolHandler ["http-nio-8080"]
10:23:50.410 [main] INFO  c.p.m.MyBlogApplication - [logStarted,59] - Started MyBlogApplication in 7.865 seconds (JVM running for 9.621)
10:56:00.609 [http-nio-8080-exec-1] INFO  o.a.c.c.C.[.[.[/] - [log,173] - Initializing Spring DispatcherServlet 'dispatcherServlet'
11:05:51.893 [main] INFO  c.p.m.MyBlogApplication - [logStarting,50] - Starting MyBlogApplication on DESKTOP-MR6GB2V with PID 6968 (E:\IDEA\MyBlog\target\classes started by Admin in E:\IDEA\MyBlog)
11:05:51.895 [main] INFO  c.p.m.MyBlogApplication - [logStartupProfileInfo,652] - The following profiles are active: druid
11:05:53.134 [main] INFO  o.a.c.h.Http11NioProtocol - [log,173] - Initializing ProtocolHandler ["http-nio-8080"]
11:05:53.141 [main] INFO  o.a.c.c.StandardService - [log,173] - Starting service [Tomcat]
11:05:53.141 [main] INFO  o.a.c.c.StandardEngine - [log,173] - Starting Servlet engine: [Apache Tomcat/9.0.29]
11:05:53.256 [main] INFO  o.a.c.c.C.[.[.[/] - [log,173] - Initializing Spring embedded WebApplicationContext
11:05:54.086 [main] INFO  s.d.s.w.PropertySourcedRequestMappingHandlerMapping - [initHandlerMethods,69] - Mapped URL path [/v2/api-docs] onto method [public org.springframework.http.ResponseEntity<springfox.documentation.spring.web.json.Json> springfox.documentation.swagger2.web.Swagger2Controller.getDocumentation(java.lang.String,javax.servlet.http.HttpServletRequest)]
11:05:54.761 [main] INFO  s.d.s.w.p.DocumentationPluginsBootstrapper - [start,160] - Context refreshed
11:05:54.774 [main] INFO  s.d.s.w.p.DocumentationPluginsBootstrapper - [start,163] - Found 1 custom documentation plugin(s)
11:05:54.802 [main] INFO  s.d.s.w.s.ApiListingReferenceScanner - [scan,41] - Scanning for api listing references
11:05:54.905 [main] INFO  s.d.s.w.r.o.CachingOperationNameGenerator - [startingWith,40] - Generating unique operation named: selectAllUsingGET_1
11:05:54.907 [main] INFO  s.d.s.w.r.o.CachingOperationNameGenerator - [startingWith,40] - Generating unique operation named: selectAllUsingGET_2
11:05:54.919 [main] INFO  o.a.c.h.Http11NioProtocol - [log,173] - Starting ProtocolHandler ["http-nio-8080"]
11:05:54.940 [main] INFO  c.p.m.MyBlogApplication - [logStarted,59] - Started MyBlogApplication in 3.353 seconds (JVM running for 4.369)
11:06:07.705 [http-nio-8080-exec-1] INFO  o.a.c.c.C.[.[.[/] - [log,173] - Initializing Spring DispatcherServlet 'dispatcherServlet'
11:06:08.938 [http-nio-8080-exec-2] INFO  c.a.d.p.DruidDataSource - [init,1003] - {dataSource-1} inited
11:10:09.913 [main] INFO  c.p.m.MyBlogApplicationTests - [logStarting,50] - Starting MyBlogApplicationTests on DESKTOP-MR6GB2V with PID 9272 (started by Admin in E:\IDEA\MyBlog)
11:10:09.916 [main] INFO  c.p.m.MyBlogApplicationTests - [logStartupProfileInfo,652] - The following profiles are active: druid
11:10:13.422 [main] INFO  s.d.s.w.PropertySourcedRequestMappingHandlerMapping - [initHandlerMethods,69] - Mapped URL path [/v2/api-docs] onto method [public org.springframework.http.ResponseEntity<springfox.documentation.spring.web.json.Json> springfox.documentation.swagger2.web.Swagger2Controller.getDocumentation(java.lang.String,javax.servlet.http.HttpServletRequest)]
11:10:16.334 [main] INFO  s.d.s.w.p.DocumentationPluginsBootstrapper - [start,160] - Context refreshed
11:10:16.365 [main] INFO  s.d.s.w.p.DocumentationPluginsBootstrapper - [start,163] - Found 1 custom documentation plugin(s)
11:10:16.400 [main] INFO  s.d.s.w.s.ApiListingReferenceScanner - [scan,41] - Scanning for api listing references
11:10:16.698 [main] INFO  s.d.s.w.r.o.CachingOperationNameGenerator - [startingWith,40] - Generating unique operation named: selectAllUsingGET_1
11:10:16.701 [main] INFO  s.d.s.w.r.o.CachingOperationNameGenerator - [startingWith,40] - Generating unique operation named: selectAllUsingGET_2
11:10:16.720 [main] INFO  c.p.m.MyBlogApplicationTests - [logStarted,59] - Started MyBlogApplicationTests in 7.146 seconds (JVM running for 8.199)
11:10:17.513 [Thread-2] INFO  c.a.d.p.DruidDataSource - [close,1965] - {dataSource-0} closing ...
11:21:07.963 [main] INFO  c.p.m.MyBlogApplication - [logStarting,50] - Starting MyBlogApplication on DESKTOP-MR6GB2V with PID 19352 (E:\IDEA\MyBlog\target\classes started by Admin in E:\IDEA\MyBlog)
11:21:07.965 [main] INFO  c.p.m.MyBlogApplication - [logStartupProfileInfo,652] - The following profiles are active: druid
11:21:09.371 [main] INFO  o.a.c.h.Http11NioProtocol - [log,173] - Initializing ProtocolHandler ["http-nio-8080"]
11:21:09.379 [main] INFO  o.a.c.c.StandardService - [log,173] - Starting service [Tomcat]
11:21:09.379 [main] INFO  o.a.c.c.StandardEngine - [log,173] - Starting Servlet engine: [Apache Tomcat/9.0.29]
11:21:09.519 [main] INFO  o.a.c.c.C.[.[.[/] - [log,173] - Initializing Spring embedded WebApplicationContext
11:21:10.611 [main] INFO  s.d.s.w.PropertySourcedRequestMappingHandlerMapping - [initHandlerMethods,69] - Mapped URL path [/v2/api-docs] onto method [public org.springframework.http.ResponseEntity<springfox.documentation.spring.web.json.Json> springfox.documentation.swagger2.web.Swagger2Controller.getDocumentation(java.lang.String,javax.servlet.http.HttpServletRequest)]
11:21:11.415 [main] INFO  s.d.s.w.p.DocumentationPluginsBootstrapper - [start,160] - Context refreshed
11:21:11.430 [main] INFO  s.d.s.w.p.DocumentationPluginsBootstrapper - [start,163] - Found 1 custom documentation plugin(s)
11:21:11.467 [main] INFO  s.d.s.w.s.ApiListingReferenceScanner - [scan,41] - Scanning for api listing references
11:21:11.578 [main] INFO  s.d.s.w.r.o.CachingOperationNameGenerator - [startingWith,40] - Generating unique operation named: selectAllUsingGET_1
11:21:11.580 [main] INFO  s.d.s.w.r.o.CachingOperationNameGenerator - [startingWith,40] - Generating unique operation named: selectAllUsingGET_2
11:21:11.593 [main] INFO  o.a.c.h.Http11NioProtocol - [log,173] - Starting ProtocolHandler ["http-nio-8080"]
11:21:11.615 [main] INFO  c.p.m.MyBlogApplication - [logStarted,59] - Started MyBlogApplication in 3.933 seconds (JVM running for 5.831)
11:21:40.285 [http-nio-8080-exec-1] INFO  o.a.c.c.C.[.[.[/] - [log,173] - Initializing Spring DispatcherServlet 'dispatcherServlet'
11:23:55.015 [http-nio-8080-exec-2] INFO  c.a.d.p.DruidDataSource - [init,1003] - {dataSource-1} inited
11:24:52.557 [Thread-10] INFO  c.a.d.p.DruidDataSource - [close,1965] - {dataSource-1} closing ...
11:24:52.577 [Thread-10] INFO  c.a.d.p.DruidDataSource - [close,2037] - {dataSource-1} closed
11:40:56.597 [main] INFO  c.p.m.MyBlogApplication - [logStarting,50] - Starting MyBlogApplication on DESKTOP-MR6GB2V with PID 10612 (E:\IDEA\MyBlog\target\classes started by Admin in E:\IDEA\MyBlog)
11:40:56.599 [main] INFO  c.p.m.MyBlogApplication - [logStartupProfileInfo,652] - The following profiles are active: druid
11:40:57.876 [main] INFO  o.a.c.h.Http11NioProtocol - [log,173] - Initializing ProtocolHandler ["http-nio-8080"]
11:40:57.882 [main] INFO  o.a.c.c.StandardService - [log,173] - Starting service [Tomcat]
11:40:57.882 [main] INFO  o.a.c.c.StandardEngine - [log,173] - Starting Servlet engine: [Apache Tomcat/9.0.29]
11:40:57.997 [main] INFO  o.a.c.c.C.[.[.[/] - [log,173] - Initializing Spring embedded WebApplicationContext
11:40:58.908 [main] INFO  s.d.s.w.PropertySourcedRequestMappingHandlerMapping - [initHandlerMethods,69] - Mapped URL path [/v2/api-docs] onto method [public org.springframework.http.ResponseEntity<springfox.documentation.spring.web.json.Json> springfox.documentation.swagger2.web.Swagger2Controller.getDocumentation(java.lang.String,javax.servlet.http.HttpServletRequest)]
11:40:59.649 [main] INFO  s.d.s.w.p.DocumentationPluginsBootstrapper - [start,160] - Context refreshed
11:40:59.663 [main] INFO  s.d.s.w.p.DocumentationPluginsBootstrapper - [start,163] - Found 1 custom documentation plugin(s)
11:40:59.692 [main] INFO  s.d.s.w.s.ApiListingReferenceScanner - [scan,41] - Scanning for api listing references
11:40:59.793 [main] INFO  s.d.s.w.r.o.CachingOperationNameGenerator - [startingWith,40] - Generating unique operation named: selectAllUsingGET_1
11:40:59.794 [main] INFO  s.d.s.w.r.o.CachingOperationNameGenerator - [startingWith,40] - Generating unique operation named: selectAllUsingGET_2
11:40:59.805 [main] INFO  o.a.c.h.Http11NioProtocol - [log,173] - Starting ProtocolHandler ["http-nio-8080"]
11:40:59.825 [main] INFO  c.p.m.MyBlogApplication - [logStarted,59] - Started MyBlogApplication in 3.552 seconds (JVM running for 4.757)
11:41:19.218 [http-nio-8080-exec-1] INFO  o.a.c.c.C.[.[.[/] - [log,173] - Initializing Spring DispatcherServlet 'dispatcherServlet'
11:47:55.242 [main] INFO  c.p.m.MyBlogApplication - [logStarting,50] - Starting MyBlogApplication on DESKTOP-MR6GB2V with PID 8816 (E:\IDEA\MyBlog\target\classes started by Admin in E:\IDEA\MyBlog)
11:47:55.245 [main] INFO  c.p.m.MyBlogApplication - [logStartupProfileInfo,652] - The following profiles are active: druid
11:47:56.465 [main] INFO  o.a.c.h.Http11NioProtocol - [log,173] - Initializing ProtocolHandler ["http-nio-8080"]
11:47:56.470 [main] INFO  o.a.c.c.StandardService - [log,173] - Starting service [Tomcat]
11:47:56.471 [main] INFO  o.a.c.c.StandardEngine - [log,173] - Starting Servlet engine: [Apache Tomcat/9.0.29]
11:47:56.587 [main] INFO  o.a.c.c.C.[.[.[/] - [log,173] - Initializing Spring embedded WebApplicationContext
11:47:57.445 [main] INFO  s.d.s.w.PropertySourcedRequestMappingHandlerMapping - [initHandlerMethods,69] - Mapped URL path [/v2/api-docs] onto method [public org.springframework.http.ResponseEntity<springfox.documentation.spring.web.json.Json> springfox.documentation.swagger2.web.Swagger2Controller.getDocumentation(java.lang.String,javax.servlet.http.HttpServletRequest)]
11:47:58.136 [main] INFO  s.d.s.w.p.DocumentationPluginsBootstrapper - [start,160] - Context refreshed
11:47:58.148 [main] INFO  s.d.s.w.p.DocumentationPluginsBootstrapper - [start,163] - Found 1 custom documentation plugin(s)
11:47:58.176 [main] INFO  s.d.s.w.s.ApiListingReferenceScanner - [scan,41] - Scanning for api listing references
11:47:58.275 [main] INFO  s.d.s.w.r.o.CachingOperationNameGenerator - [startingWith,40] - Generating unique operation named: selectAllUsingGET_1
11:47:58.276 [main] INFO  s.d.s.w.r.o.CachingOperationNameGenerator - [startingWith,40] - Generating unique operation named: selectAllUsingGET_2
11:47:58.288 [main] INFO  o.a.c.h.Http11NioProtocol - [log,173] - Starting ProtocolHandler ["http-nio-8080"]
11:47:58.308 [main] INFO  c.p.m.MyBlogApplication - [logStarted,59] - Started MyBlogApplication in 3.365 seconds (JVM running for 4.438)
11:48:06.545 [http-nio-8080-exec-1] INFO  o.a.c.c.C.[.[.[/] - [log,173] - Initializing Spring DispatcherServlet 'dispatcherServlet'
11:48:09.091 [http-nio-8080-exec-4] INFO  c.a.d.p.DruidDataSource - [init,1003] - {dataSource-1} inited
11:54:38.489 [main] INFO  c.p.m.MyBlogApplication - [logStarting,50] - Starting MyBlogApplication on DESKTOP-MR6GB2V with PID 10800 (E:\IDEA\MyBlog\target\classes started by Admin in E:\IDEA\MyBlog)
11:54:38.491 [main] INFO  c.p.m.MyBlogApplication - [logStartupProfileInfo,652] - The following profiles are active: druid
11:54:39.741 [main] INFO  o.a.c.h.Http11NioProtocol - [log,173] - Initializing ProtocolHandler ["http-nio-8080"]
11:54:39.747 [main] INFO  o.a.c.c.StandardService - [log,173] - Starting service [Tomcat]
11:54:39.747 [main] INFO  o.a.c.c.StandardEngine - [log,173] - Starting Servlet engine: [Apache Tomcat/9.0.29]
11:54:39.863 [main] INFO  o.a.c.c.C.[.[.[/] - [log,173] - Initializing Spring embedded WebApplicationContext
11:54:40.875 [main] INFO  s.d.s.w.PropertySourcedRequestMappingHandlerMapping - [initHandlerMethods,69] - Mapped URL path [/v2/api-docs] onto method [public org.springframework.http.ResponseEntity<springfox.documentation.spring.web.json.Json> springfox.documentation.swagger2.web.Swagger2Controller.getDocumentation(java.lang.String,javax.servlet.http.HttpServletRequest)]
11:54:41.636 [main] INFO  s.d.s.w.p.DocumentationPluginsBootstrapper - [start,160] - Context refreshed
11:54:41.649 [main] INFO  s.d.s.w.p.DocumentationPluginsBootstrapper - [start,163] - Found 1 custom documentation plugin(s)
11:54:41.677 [main] INFO  s.d.s.w.s.ApiListingReferenceScanner - [scan,41] - Scanning for api listing references
11:54:41.777 [main] INFO  s.d.s.w.r.o.CachingOperationNameGenerator - [startingWith,40] - Generating unique operation named: selectAllUsingGET_1
11:54:41.779 [main] INFO  s.d.s.w.r.o.CachingOperationNameGenerator - [startingWith,40] - Generating unique operation named: selectAllUsingGET_2
11:54:41.790 [main] INFO  o.a.c.h.Http11NioProtocol - [log,173] - Starting ProtocolHandler ["http-nio-8080"]
11:54:41.819 [main] INFO  c.p.m.MyBlogApplication - [logStarted,59] - Started MyBlogApplication in 3.615 seconds (JVM running for 4.638)
11:55:21.630 [http-nio-8080-exec-1] INFO  o.a.c.c.C.[.[.[/] - [log,173] - Initializing Spring DispatcherServlet 'dispatcherServlet'
11:55:22.612 [http-nio-8080-exec-2] INFO  c.a.d.p.DruidDataSource - [init,1003] - {dataSource-1} inited
13:00:43.542 [main] INFO  c.p.m.MyBlogApplication - [logStarting,50] - Starting MyBlogApplication on DESKTOP-MR6GB2V with PID 18220 (E:\IDEA\MyBlog\target\classes started by Admin in E:\IDEA\MyBlog)
13:00:43.544 [main] INFO  c.p.m.MyBlogApplication - [logStartupProfileInfo,652] - The following profiles are active: druid
13:00:46.140 [main] INFO  o.a.c.h.Http11NioProtocol - [log,173] - Initializing ProtocolHandler ["http-nio-8080"]
13:00:46.148 [main] INFO  o.a.c.c.StandardService - [log,173] - Starting service [Tomcat]
13:00:46.148 [main] INFO  o.a.c.c.StandardEngine - [log,173] - Starting Servlet engine: [Apache Tomcat/9.0.29]
13:00:46.284 [main] INFO  o.a.c.c.C.[.[.[/] - [log,173] - Initializing Spring embedded WebApplicationContext
13:00:46.623 [main] INFO  o.a.c.c.StandardService - [log,173] - Stopping service [Tomcat]
13:02:34.672 [main] INFO  c.p.m.MyBlogApplication - [logStarting,50] - Starting MyBlogApplication on DESKTOP-MR6GB2V with PID 19996 (E:\IDEA\MyBlog\target\classes started by Admin in E:\IDEA\MyBlog)
13:02:34.676 [main] INFO  c.p.m.MyBlogApplication - [logStartupProfileInfo,652] - The following profiles are active: druid
13:02:35.997 [main] INFO  o.a.c.h.Http11NioProtocol - [log,173] - Initializing ProtocolHandler ["http-nio-8080"]
13:02:36.003 [main] INFO  o.a.c.c.StandardService - [log,173] - Starting service [Tomcat]
13:02:36.003 [main] INFO  o.a.c.c.StandardEngine - [log,173] - Starting Servlet engine: [Apache Tomcat/9.0.29]
13:02:36.117 [main] INFO  o.a.c.c.C.[.[.[/] - [log,173] - Initializing Spring embedded WebApplicationContext
13:02:36.320 [main] INFO  o.a.c.c.StandardService - [log,173] - Stopping service [Tomcat]
13:09:18.916 [main] INFO  c.p.m.MyBlogApplication - [logStarting,50] - Starting MyBlogApplication on DESKTOP-MR6GB2V with PID 19444 (E:\IDEA\MyBlog\target\classes started by Admin in E:\IDEA\MyBlog)
13:09:18.919 [main] INFO  c.p.m.MyBlogApplication - [logStartupProfileInfo,652] - The following profiles are active: druid
13:09:20.305 [main] INFO  o.a.c.h.Http11NioProtocol - [log,173] - Initializing ProtocolHandler ["http-nio-8080"]
13:09:20.311 [main] INFO  o.a.c.c.StandardService - [log,173] - Starting service [Tomcat]
13:09:20.312 [main] INFO  o.a.c.c.StandardEngine - [log,173] - Starting Servlet engine: [Apache Tomcat/9.0.29]
13:09:20.426 [main] INFO  o.a.c.c.C.[.[.[/] - [log,173] - Initializing Spring embedded WebApplicationContext
13:09:22.529 [main] INFO  s.d.s.w.PropertySourcedRequestMappingHandlerMapping - [initHandlerMethods,69] - Mapped URL path [/v2/api-docs] onto method [public org.springframework.http.ResponseEntity<springfox.documentation.spring.web.json.Json> springfox.documentation.swagger2.web.Swagger2Controller.getDocumentation(java.lang.String,javax.servlet.http.HttpServletRequest)]
13:09:23.631 [main] INFO  s.d.s.w.p.DocumentationPluginsBootstrapper - [start,160] - Context refreshed
13:09:23.647 [main] INFO  s.d.s.w.p.DocumentationPluginsBootstrapper - [start,163] - Found 1 custom documentation plugin(s)
13:09:23.693 [main] INFO  s.d.s.w.s.ApiListingReferenceScanner - [scan,41] - Scanning for api listing references
13:09:23.881 [main] INFO  s.d.s.w.r.o.CachingOperationNameGenerator - [startingWith,40] - Generating unique operation named: selectAllUsingGET_1
13:09:23.882 [main] INFO  s.d.s.w.r.o.CachingOperationNameGenerator - [startingWith,40] - Generating unique operation named: selectAllUsingGET_2
13:09:23.895 [main] INFO  o.a.c.h.Http11NioProtocol - [log,173] - Starting ProtocolHandler ["http-nio-8080"]
13:09:23.914 [main] INFO  c.p.m.MyBlogApplication - [logStarted,59] - Started MyBlogApplication in 5.291 seconds (JVM running for 6.378)
13:09:38.658 [http-nio-8080-exec-1] INFO  o.a.c.c.C.[.[.[/] - [log,173] - Initializing Spring DispatcherServlet 'dispatcherServlet'
13:09:39.919 [http-nio-8080-exec-2] INFO  c.a.d.p.DruidDataSource - [init,1003] - {dataSource-1} inited
13:09:41.385 [http-nio-8080-exec-2] INFO  i.l.c.EpollProvider - [<clinit>,68] - Starting without optional epoll library
13:09:41.386 [http-nio-8080-exec-2] INFO  i.l.c.KqueueProvider - [<clinit>,70] - Starting without optional kqueue library
13:29:33.388 [main] INFO  c.p.m.MyBlogApplication - [logStarting,50] - Starting MyBlogApplication on DESKTOP-MR6GB2V with PID 4272 (E:\IDEA\MyBlog\target\classes started by Admin in E:\IDEA\MyBlog)
13:29:33.391 [main] INFO  c.p.m.MyBlogApplication - [logStartupProfileInfo,652] - The following profiles are active: druid
13:29:36.667 [main] INFO  o.a.c.h.Http11NioProtocol - [log,173] - Initializing ProtocolHandler ["http-nio-8080"]
13:29:36.673 [main] INFO  o.a.c.c.StandardService - [log,173] - Starting service [Tomcat]
13:29:36.674 [main] INFO  o.a.c.c.StandardEngine - [log,173] - Starting Servlet engine: [Apache Tomcat/9.0.29]
13:29:36.817 [main] INFO  o.a.c.c.C.[.[.[/] - [log,173] - Initializing Spring embedded WebApplicationContext
13:29:38.627 [main] INFO  s.d.s.w.PropertySourcedRequestMappingHandlerMapping - [initHandlerMethods,69] - Mapped URL path [/v2/api-docs] onto method [public org.springframework.http.ResponseEntity<springfox.documentation.spring.web.json.Json> springfox.documentation.swagger2.web.Swagger2Controller.getDocumentation(java.lang.String,javax.servlet.http.HttpServletRequest)]
13:29:39.763 [main] INFO  s.d.s.w.p.DocumentationPluginsBootstrapper - [start,160] - Context refreshed
13:29:39.779 [main] INFO  s.d.s.w.p.DocumentationPluginsBootstrapper - [start,163] - Found 1 custom documentation plugin(s)
13:29:39.824 [main] INFO  s.d.s.w.s.ApiListingReferenceScanner - [scan,41] - Scanning for api listing references
13:29:39.962 [main] INFO  s.d.s.w.r.o.CachingOperationNameGenerator - [startingWith,40] - Generating unique operation named: selectAllUsingGET_1
13:29:39.964 [main] INFO  s.d.s.w.r.o.CachingOperationNameGenerator - [startingWith,40] - Generating unique operation named: selectAllUsingGET_2
13:29:39.978 [main] INFO  o.a.c.h.Http11NioProtocol - [log,173] - Starting ProtocolHandler ["http-nio-8080"]
13:29:40.010 [main] INFO  c.p.m.MyBlogApplication - [logStarted,59] - Started MyBlogApplication in 7.177 seconds (JVM running for 8.471)
13:29:50.750 [http-nio-8080-exec-1] INFO  o.a.c.c.C.[.[.[/] - [log,173] - Initializing Spring DispatcherServlet 'dispatcherServlet'
13:29:51.831 [http-nio-8080-exec-2] INFO  c.a.d.p.DruidDataSource - [init,1003] - {dataSource-1} inited
13:29:52.943 [http-nio-8080-exec-2] INFO  i.l.c.EpollProvider - [<clinit>,68] - Starting without optional epoll library
13:29:52.944 [http-nio-8080-exec-2] INFO  i.l.c.KqueueProvider - [<clinit>,70] - Starting without optional kqueue library
13:46:19.596 [main] INFO  c.p.m.MyBlogApplication - [logStarting,50] - Starting MyBlogApplication on DESKTOP-MR6GB2V with PID 10068 (E:\IDEA\MyBlog\target\classes started by Admin in E:\IDEA\MyBlog)
13:46:19.599 [main] INFO  c.p.m.MyBlogApplication - [logStartupProfileInfo,652] - The following profiles are active: druid
13:46:20.937 [main] INFO  o.a.c.h.Http11NioProtocol - [log,173] - Initializing ProtocolHandler ["http-nio-8080"]
13:46:20.944 [main] INFO  o.a.c.c.StandardService - [log,173] - Starting service [Tomcat]
13:46:20.944 [main] INFO  o.a.c.c.StandardEngine - [log,173] - Starting Servlet engine: [Apache Tomcat/9.0.29]
13:46:21.061 [main] INFO  o.a.c.c.C.[.[.[/] - [log,173] - Initializing Spring embedded WebApplicationContext
13:46:22.189 [main] INFO  s.d.s.w.PropertySourcedRequestMappingHandlerMapping - [initHandlerMethods,69] - Mapped URL path [/v2/api-docs] onto method [public org.springframework.http.ResponseEntity<springfox.documentation.spring.web.json.Json> springfox.documentation.swagger2.web.Swagger2Controller.getDocumentation(java.lang.String,javax.servlet.http.HttpServletRequest)]
13:46:22.796 [main] INFO  s.d.s.w.p.DocumentationPluginsBootstrapper - [start,160] - Context refreshed
13:46:22.809 [main] INFO  s.d.s.w.p.DocumentationPluginsBootstrapper - [start,163] - Found 1 custom documentation plugin(s)
13:46:22.838 [main] INFO  s.d.s.w.s.ApiListingReferenceScanner - [scan,41] - Scanning for api listing references
13:46:22.947 [main] INFO  s.d.s.w.r.o.CachingOperationNameGenerator - [startingWith,40] - Generating unique operation named: selectAllUsingGET_1
13:46:22.949 [main] INFO  s.d.s.w.r.o.CachingOperationNameGenerator - [startingWith,40] - Generating unique operation named: selectAllUsingGET_2
13:46:22.963 [main] INFO  o.a.c.h.Http11NioProtocol - [log,173] - Starting ProtocolHandler ["http-nio-8080"]
13:46:22.986 [main] INFO  c.p.m.MyBlogApplication - [logStarted,59] - Started MyBlogApplication in 3.777 seconds (JVM running for 4.874)
13:47:00.998 [http-nio-8080-exec-1] INFO  o.a.c.c.C.[.[.[/] - [log,173] - Initializing Spring DispatcherServlet 'dispatcherServlet'
13:54:11.693 [http-nio-8080-exec-5] INFO  c.a.d.p.DruidDataSource - [init,1003] - {dataSource-1} inited
14:01:40.077 [main] INFO  c.p.m.MyBlogApplication - [logStarting,50] - Starting MyBlogApplication on DESKTOP-MR6GB2V with PID 12848 (E:\IDEA\MyBlog\target\classes started by Admin in E:\IDEA\MyBlog)
14:01:40.079 [main] INFO  c.p.m.MyBlogApplication - [logStartupProfileInfo,652] - The following profiles are active: druid
14:01:41.382 [main] INFO  o.a.c.h.Http11NioProtocol - [log,173] - Initializing ProtocolHandler ["http-nio-8080"]
14:01:41.388 [main] INFO  o.a.c.c.StandardService - [log,173] - Starting service [Tomcat]
14:01:41.388 [main] INFO  o.a.c.c.StandardEngine - [log,173] - Starting Servlet engine: [Apache Tomcat/9.0.29]
14:01:41.504 [main] INFO  o.a.c.c.C.[.[.[/] - [log,173] - Initializing Spring embedded WebApplicationContext
14:01:42.620 [main] INFO  s.d.s.w.PropertySourcedRequestMappingHandlerMapping - [initHandlerMethods,69] - Mapped URL path [/v2/api-docs] onto method [public org.springframework.http.ResponseEntity<springfox.documentation.spring.web.json.Json> springfox.documentation.swagger2.web.Swagger2Controller.getDocumentation(java.lang.String,javax.servlet.http.HttpServletRequest)]
14:01:43.219 [main] INFO  s.d.s.w.p.DocumentationPluginsBootstrapper - [start,160] - Context refreshed
14:01:43.232 [main] INFO  s.d.s.w.p.DocumentationPluginsBootstrapper - [start,163] - Found 1 custom documentation plugin(s)
14:01:43.260 [main] INFO  s.d.s.w.s.ApiListingReferenceScanner - [scan,41] - Scanning for api listing references
14:01:43.366 [main] INFO  s.d.s.w.r.o.CachingOperationNameGenerator - [startingWith,40] - Generating unique operation named: selectAllUsingGET_1
14:01:43.367 [main] INFO  s.d.s.w.r.o.CachingOperationNameGenerator - [startingWith,40] - Generating unique operation named: selectAllUsingGET_2
14:01:43.379 [main] INFO  o.a.c.h.Http11NioProtocol - [log,173] - Starting ProtocolHandler ["http-nio-8080"]
14:01:43.400 [main] INFO  c.p.m.MyBlogApplication - [logStarted,59] - Started MyBlogApplication in 3.613 seconds (JVM running for 4.724)
14:05:17.555 [http-nio-8080-exec-1] INFO  o.a.c.c.C.[.[.[/] - [log,173] - Initializing Spring DispatcherServlet 'dispatcherServlet'
14:05:18.535 [http-nio-8080-exec-1] INFO  c.a.d.p.DruidDataSource - [init,1003] - {dataSource-1} inited
14:06:09.675 [main] INFO  c.p.m.MyBlogApplication - [logStarting,50] - Starting MyBlogApplication on DESKTOP-MR6GB2V with PID 1160 (E:\IDEA\MyBlog\target\classes started by Admin in E:\IDEA\MyBlog)
14:06:09.677 [main] INFO  c.p.m.MyBlogApplication - [logStartupProfileInfo,652] - The following profiles are active: druid
14:06:11.048 [main] INFO  o.a.c.h.Http11NioProtocol - [log,173] - Initializing ProtocolHandler ["http-nio-8080"]
14:06:11.054 [main] INFO  o.a.c.c.StandardService - [log,173] - Starting service [Tomcat]
14:06:11.054 [main] INFO  o.a.c.c.StandardEngine - [log,173] - Starting Servlet engine: [Apache Tomcat/9.0.29]
14:06:11.175 [main] INFO  o.a.c.c.C.[.[.[/] - [log,173] - Initializing Spring embedded WebApplicationContext
14:06:12.263 [main] INFO  s.d.s.w.PropertySourcedRequestMappingHandlerMapping - [initHandlerMethods,69] - Mapped URL path [/v2/api-docs] onto method [public org.springframework.http.ResponseEntity<springfox.documentation.spring.web.json.Json> springfox.documentation.swagger2.web.Swagger2Controller.getDocumentation(java.lang.String,javax.servlet.http.HttpServletRequest)]
14:06:12.843 [main] INFO  s.d.s.w.p.DocumentationPluginsBootstrapper - [start,160] - Context refreshed
14:06:12.856 [main] INFO  s.d.s.w.p.DocumentationPluginsBootstrapper - [start,163] - Found 1 custom documentation plugin(s)
14:06:12.883 [main] INFO  s.d.s.w.s.ApiListingReferenceScanner - [scan,41] - Scanning for api listing references
14:06:12.988 [main] INFO  s.d.s.w.r.o.CachingOperationNameGenerator - [startingWith,40] - Generating unique operation named: selectAllUsingGET_1
14:06:12.989 [main] INFO  s.d.s.w.r.o.CachingOperationNameGenerator - [startingWith,40] - Generating unique operation named: selectAllUsingGET_2
14:06:13.000 [main] INFO  o.a.c.h.Http11NioProtocol - [log,173] - Starting ProtocolHandler ["http-nio-8080"]
14:06:13.020 [main] INFO  c.p.m.MyBlogApplication - [logStarted,59] - Started MyBlogApplication in 3.658 seconds (JVM running for 4.784)
14:06:26.012 [http-nio-8080-exec-1] INFO  o.a.c.c.C.[.[.[/] - [log,173] - Initializing Spring DispatcherServlet 'dispatcherServlet'
14:06:26.950 [http-nio-8080-exec-1] INFO  c.a.d.p.DruidDataSource - [init,1003] - {dataSource-1} inited
14:12:02.287 [main] INFO  c.p.m.MyBlogApplication - [logStarting,50] - Starting MyBlogApplication on DESKTOP-MR6GB2V with PID 8480 (E:\IDEA\MyBlog\target\classes started by Admin in E:\IDEA\MyBlog)
14:12:02.290 [main] INFO  c.p.m.MyBlogApplication - [logStartupProfileInfo,652] - The following profiles are active: druid
14:12:03.801 [main] INFO  o.a.c.h.Http11NioProtocol - [log,173] - Initializing ProtocolHandler ["http-nio-8080"]
14:12:03.808 [main] INFO  o.a.c.c.StandardService - [log,173] - Starting service [Tomcat]
14:12:03.808 [main] INFO  o.a.c.c.StandardEngine - [log,173] - Starting Servlet engine: [Apache Tomcat/9.0.29]
14:12:03.953 [main] INFO  o.a.c.c.C.[.[.[/] - [log,173] - Initializing Spring embedded WebApplicationContext
14:12:05.213 [main] INFO  s.d.s.w.PropertySourcedRequestMappingHandlerMapping - [initHandlerMethods,69] - Mapped URL path [/v2/api-docs] onto method [public org.springframework.http.ResponseEntity<springfox.documentation.spring.web.json.Json> springfox.documentation.swagger2.web.Swagger2Controller.getDocumentation(java.lang.String,javax.servlet.http.HttpServletRequest)]
14:12:05.821 [main] INFO  s.d.s.w.p.DocumentationPluginsBootstrapper - [start,160] - Context refreshed
14:12:05.834 [main] INFO  s.d.s.w.p.DocumentationPluginsBootstrapper - [start,163] - Found 1 custom documentation plugin(s)
14:12:05.862 [main] INFO  s.d.s.w.s.ApiListingReferenceScanner - [scan,41] - Scanning for api listing references
14:12:05.962 [main] INFO  s.d.s.w.r.o.CachingOperationNameGenerator - [startingWith,40] - Generating unique operation named: selectAllUsingGET_1
14:12:05.964 [main] INFO  s.d.s.w.r.o.CachingOperationNameGenerator - [startingWith,40] - Generating unique operation named: selectAllUsingGET_2
14:12:05.975 [main] INFO  o.a.c.h.Http11NioProtocol - [log,173] - Starting ProtocolHandler ["http-nio-8080"]
14:12:05.995 [main] INFO  c.p.m.MyBlogApplication - [logStarted,59] - Started MyBlogApplication in 4.012 seconds (JVM running for 5.11)
14:12:44.564 [http-nio-8080-exec-2] INFO  o.a.c.c.C.[.[.[/] - [log,173] - Initializing Spring DispatcherServlet 'dispatcherServlet'
14:12:45.709 [http-nio-8080-exec-2] INFO  c.a.d.p.DruidDataSource - [init,1003] - {dataSource-1} inited
14:39:13.487 [main] INFO  c.p.m.MyBlogApplication - [logStarting,50] - Starting MyBlogApplication on DESKTOP-MR6GB2V with PID 13136 (E:\IDEA\MyBlog\target\classes started by Admin in E:\IDEA\MyBlog)
14:39:13.489 [main] INFO  c.p.m.MyBlogApplication - [logStartupProfileInfo,652] - The following profiles are active: druid
14:39:15.708 [main] INFO  o.a.c.h.Http11NioProtocol - [log,173] - Initializing ProtocolHandler ["http-nio-8080"]
14:39:15.715 [main] INFO  o.a.c.c.StandardService - [log,173] - Starting service [Tomcat]
14:39:15.715 [main] INFO  o.a.c.c.StandardEngine - [log,173] - Starting Servlet engine: [Apache Tomcat/9.0.29]
14:39:15.862 [main] INFO  o.a.c.c.C.[.[.[/] - [log,173] - Initializing Spring embedded WebApplicationContext
14:39:17.615 [main] INFO  s.d.s.w.PropertySourcedRequestMappingHandlerMapping - [initHandlerMethods,69] - Mapped URL path [/v2/api-docs] onto method [public org.springframework.http.ResponseEntity<springfox.documentation.spring.web.json.Json> springfox.documentation.swagger2.web.Swagger2Controller.getDocumentation(java.lang.String,javax.servlet.http.HttpServletRequest)]
14:39:18.402 [main] INFO  s.d.s.w.p.DocumentationPluginsBootstrapper - [start,160] - Context refreshed
14:39:18.418 [main] INFO  s.d.s.w.p.DocumentationPluginsBootstrapper - [start,163] - Found 1 custom documentation plugin(s)
14:39:18.457 [main] INFO  s.d.s.w.s.ApiListingReferenceScanner - [scan,41] - Scanning for api listing references
14:39:18.574 [main] INFO  s.d.s.w.r.o.CachingOperationNameGenerator - [startingWith,40] - Generating unique operation named: selectAllUsingGET_1
14:39:18.575 [main] INFO  s.d.s.w.r.o.CachingOperationNameGenerator - [startingWith,40] - Generating unique operation named: selectAllUsingGET_2
14:39:18.589 [main] INFO  o.a.c.h.Http11NioProtocol - [log,173] - Starting ProtocolHandler ["http-nio-8080"]
14:39:18.614 [main] INFO  c.p.m.MyBlogApplication - [logStarted,59] - Started MyBlogApplication in 5.526 seconds (JVM running for 6.685)
14:39:51.126 [http-nio-8080-exec-1] INFO  o.a.c.c.C.[.[.[/] - [log,173] - Initializing Spring DispatcherServlet 'dispatcherServlet'
14:42:44.346 [main] INFO  c.p.m.MyBlogApplication - [logStarting,50] - Starting MyBlogApplication on DESKTOP-MR6GB2V with PID 13536 (E:\IDEA\MyBlog\target\classes started by Admin in E:\IDEA\MyBlog)
14:42:44.349 [main] INFO  c.p.m.MyBlogApplication - [logStartupProfileInfo,652] - The following profiles are active: druid
14:42:45.908 [main] INFO  o.a.c.h.Http11NioProtocol - [log,173] - Initializing ProtocolHandler ["http-nio-8080"]
14:42:45.916 [main] INFO  o.a.c.c.StandardService - [log,173] - Starting service [Tomcat]
14:42:45.916 [main] INFO  o.a.c.c.StandardEngine - [log,173] - Starting Servlet engine: [Apache Tomcat/9.0.29]
14:42:46.042 [main] INFO  o.a.c.c.C.[.[.[/] - [log,173] - Initializing Spring embedded WebApplicationContext
14:42:47.164 [main] INFO  s.d.s.w.PropertySourcedRequestMappingHandlerMapping - [initHandlerMethods,69] - Mapped URL path [/v2/api-docs] onto method [public org.springframework.http.ResponseEntity<springfox.documentation.spring.web.json.Json> springfox.documentation.swagger2.web.Swagger2Controller.getDocumentation(java.lang.String,javax.servlet.http.HttpServletRequest)]
14:42:47.743 [main] INFO  s.d.s.w.p.DocumentationPluginsBootstrapper - [start,160] - Context refreshed
14:42:47.756 [main] INFO  s.d.s.w.p.DocumentationPluginsBootstrapper - [start,163] - Found 1 custom documentation plugin(s)
14:42:47.784 [main] INFO  s.d.s.w.s.ApiListingReferenceScanner - [scan,41] - Scanning for api listing references
14:42:47.887 [main] INFO  s.d.s.w.r.o.CachingOperationNameGenerator - [startingWith,40] - Generating unique operation named: selectAllUsingGET_1
14:42:47.888 [main] INFO  s.d.s.w.r.o.CachingOperationNameGenerator - [startingWith,40] - Generating unique operation named: selectAllUsingGET_2
14:42:47.901 [main] INFO  o.a.c.h.Http11NioProtocol - [log,173] - Starting ProtocolHandler ["http-nio-8080"]
14:42:47.924 [main] INFO  c.p.m.MyBlogApplication - [logStarted,59] - Started MyBlogApplication in 3.901 seconds (JVM running for 5.159)
14:44:35.844 [http-nio-8080-exec-1] INFO  o.a.c.c.C.[.[.[/] - [log,173] - Initializing Spring DispatcherServlet 'dispatcherServlet'
14:44:38.273 [http-nio-8080-exec-3] INFO  c.a.d.p.DruidDataSource - [init,1003] - {dataSource-1} inited
14:47:04.734 [main] INFO  c.p.m.MyBlogApplication - [logStarting,50] - Starting MyBlogApplication on DESKTOP-MR6GB2V with PID 15928 (E:\IDEA\MyBlog\target\classes started by Admin in E:\IDEA\MyBlog)
14:47:04.736 [main] INFO  c.p.m.MyBlogApplication - [logStartupProfileInfo,652] - The following profiles are active: druid
14:47:06.187 [main] INFO  o.a.c.h.Http11NioProtocol - [log,173] - Initializing ProtocolHandler ["http-nio-8080"]
14:47:06.193 [main] INFO  o.a.c.c.StandardService - [log,173] - Starting service [Tomcat]
14:47:06.193 [main] INFO  o.a.c.c.StandardEngine - [log,173] - Starting Servlet engine: [Apache Tomcat/9.0.29]
14:47:06.309 [main] INFO  o.a.c.c.C.[.[.[/] - [log,173] - Initializing Spring embedded WebApplicationContext
14:47:07.361 [main] INFO  s.d.s.w.PropertySourcedRequestMappingHandlerMapping - [initHandlerMethods,69] - Mapped URL path [/v2/api-docs] onto method [public org.springframework.http.ResponseEntity<springfox.documentation.spring.web.json.Json> springfox.documentation.swagger2.web.Swagger2Controller.getDocumentation(java.lang.String,javax.servlet.http.HttpServletRequest)]
14:47:07.937 [main] INFO  s.d.s.w.p.DocumentationPluginsBootstrapper - [start,160] - Context refreshed
14:47:07.949 [main] INFO  s.d.s.w.p.DocumentationPluginsBootstrapper - [start,163] - Found 1 custom documentation plugin(s)
14:47:07.979 [main] INFO  s.d.s.w.s.ApiListingReferenceScanner - [scan,41] - Scanning for api listing references
14:47:08.088 [main] INFO  s.d.s.w.r.o.CachingOperationNameGenerator - [startingWith,40] - Generating unique operation named: selectAllUsingGET_1
14:47:08.089 [main] INFO  s.d.s.w.r.o.CachingOperationNameGenerator - [startingWith,40] - Generating unique operation named: selectAllUsingGET_2
14:47:08.101 [main] INFO  o.a.c.h.Http11NioProtocol - [log,173] - Starting ProtocolHandler ["http-nio-8080"]
14:47:08.121 [main] INFO  c.p.m.MyBlogApplication - [logStarted,59] - Started MyBlogApplication in 3.693 seconds (JVM running for 4.878)
14:47:17.638 [http-nio-8080-exec-1] INFO  o.a.c.c.C.[.[.[/] - [log,173] - Initializing Spring DispatcherServlet 'dispatcherServlet'
14:47:18.520 [http-nio-8080-exec-4] INFO  c.a.d.p.DruidDataSource - [init,1003] - {dataSource-1} inited
14:50:10.942 [main] INFO  c.p.m.MyBlogApplication - [logStarting,50] - Starting MyBlogApplication on DESKTOP-MR6GB2V with PID 13264 (E:\IDEA\MyBlog\target\classes started by Admin in E:\IDEA\MyBlog)
14:50:10.944 [main] INFO  c.p.m.MyBlogApplication - [logStartupProfileInfo,652] - The following profiles are active: druid
14:50:12.411 [main] INFO  o.a.c.h.Http11NioProtocol - [log,173] - Initializing ProtocolHandler ["http-nio-8080"]
14:50:12.417 [main] INFO  o.a.c.c.StandardService - [log,173] - Starting service [Tomcat]
14:50:12.417 [main] INFO  o.a.c.c.StandardEngine - [log,173] - Starting Servlet engine: [Apache Tomcat/9.0.29]
14:50:12.538 [main] INFO  o.a.c.c.C.[.[.[/] - [log,173] - Initializing Spring embedded WebApplicationContext
14:50:13.659 [main] INFO  s.d.s.w.PropertySourcedRequestMappingHandlerMapping - [initHandlerMethods,69] - Mapped URL path [/v2/api-docs] onto method [public org.springframework.http.ResponseEntity<springfox.documentation.spring.web.json.Json> springfox.documentation.swagger2.web.Swagger2Controller.getDocumentation(java.lang.String,javax.servlet.http.HttpServletRequest)]
14:50:14.412 [main] INFO  s.d.s.w.p.DocumentationPluginsBootstrapper - [start,160] - Context refreshed
14:50:14.424 [main] INFO  s.d.s.w.p.DocumentationPluginsBootstrapper - [start,163] - Found 1 custom documentation plugin(s)
14:50:14.453 [main] INFO  s.d.s.w.s.ApiListingReferenceScanner - [scan,41] - Scanning for api listing references
14:50:14.552 [main] INFO  s.d.s.w.r.o.CachingOperationNameGenerator - [startingWith,40] - Generating unique operation named: selectAllUsingGET_1
14:50:14.553 [main] INFO  s.d.s.w.r.o.CachingOperationNameGenerator - [startingWith,40] - Generating unique operation named: selectAllUsingGET_2
14:50:14.565 [main] INFO  o.a.c.h.Http11NioProtocol - [log,173] - Starting ProtocolHandler ["http-nio-8080"]
14:50:14.585 [main] INFO  c.p.m.MyBlogApplication - [logStarted,59] - Started MyBlogApplication in 3.956 seconds (JVM running for 5.182)
14:50:29.486 [http-nio-8080-exec-1] INFO  o.a.c.c.C.[.[.[/] - [log,173] - Initializing Spring DispatcherServlet 'dispatcherServlet'
14:50:30.356 [http-nio-8080-exec-1] INFO  c.a.d.p.DruidDataSource - [init,1003] - {dataSource-1} inited
15:11:00.533 [main] INFO  c.p.m.MyBlogApplication - [logStarting,50] - Starting MyBlogApplication on DESKTOP-MR6GB2V with PID 19860 (E:\IDEA\MyBlog\target\classes started by Admin in E:\IDEA\MyBlog)
15:11:00.536 [main] INFO  c.p.m.MyBlogApplication - [logStartupProfileInfo,652] - The following profiles are active: druid
15:11:02.071 [main] INFO  o.a.c.h.Http11NioProtocol - [log,173] - Initializing ProtocolHandler ["http-nio-8080"]
15:11:02.079 [main] INFO  o.a.c.c.StandardService - [log,173] - Starting service [Tomcat]
15:11:02.079 [main] INFO  o.a.c.c.StandardEngine - [log,173] - Starting Servlet engine: [Apache Tomcat/9.0.29]
15:11:02.206 [main] INFO  o.a.c.c.C.[.[.[/] - [log,173] - Initializing Spring embedded WebApplicationContext
15:11:03.309 [main] INFO  s.d.s.w.PropertySourcedRequestMappingHandlerMapping - [initHandlerMethods,69] - Mapped URL path [/v2/api-docs] onto method [public org.springframework.http.ResponseEntity<springfox.documentation.spring.web.json.Json> springfox.documentation.swagger2.web.Swagger2Controller.getDocumentation(java.lang.String,javax.servlet.http.HttpServletRequest)]
15:11:03.904 [main] INFO  s.d.s.w.p.DocumentationPluginsBootstrapper - [start,160] - Context refreshed
15:11:03.916 [main] INFO  s.d.s.w.p.DocumentationPluginsBootstrapper - [start,163] - Found 1 custom documentation plugin(s)
15:11:03.945 [main] INFO  s.d.s.w.s.ApiListingReferenceScanner - [scan,41] - Scanning for api listing references
15:11:04.044 [main] INFO  s.d.s.w.r.o.CachingOperationNameGenerator - [startingWith,40] - Generating unique operation named: selectAllUsingGET_1
15:11:04.046 [main] INFO  s.d.s.w.r.o.CachingOperationNameGenerator - [startingWith,40] - Generating unique operation named: selectAllUsingGET_2
15:11:04.057 [main] INFO  o.a.c.h.Http11NioProtocol - [log,173] - Starting ProtocolHandler ["http-nio-8080"]
15:11:04.077 [main] INFO  c.p.m.MyBlogApplication - [logStarted,59] - Started MyBlogApplication in 3.905 seconds (JVM running for 5.086)
15:11:10.107 [http-nio-8080-exec-1] INFO  o.a.c.c.C.[.[.[/] - [log,173] - Initializing Spring DispatcherServlet 'dispatcherServlet'
15:11:11.212 [http-nio-8080-exec-4] INFO  c.a.d.p.DruidDataSource - [init,1003] - {dataSource-1} inited
