00:02:41.246 [main] INFO  c.p.m.MyBlogApplication - [logStarting,50] - Starting MyBlogApplication on DESKTOP-MR6GB2V with PID 16288 (E:\IDEA\MyBlog\target\classes started by Admin in E:\IDEA\MyBlog)
00:02:41.263 [main] INFO  c.p.m.MyBlogApplication - [logStartupProfileInfo,652] - The following profiles are active: druid
00:02:45.292 [main] INFO  o.a.c.h.Http11NioProtocol - [log,173] - Initializing ProtocolHandler ["http-nio-8080"]
00:02:45.300 [main] INFO  o.a.c.c.StandardService - [log,173] - Starting service [Tomcat]
00:02:45.301 [main] INFO  o.a.c.c.StandardEngine - [log,173] - Starting Servlet engine: [Apache Tomcat/9.0.29]
00:02:45.412 [main] INFO  o.a.c.c.C.[.[.[/] - [log,173] - Initializing Spring embedded WebApplicationContext
00:02:47.816 [main] INFO  s.d.s.w.PropertySourcedRequestMappingHandlerMapping - [initHandlerMethods,69] - Mapped URL path [/v2/api-docs] onto method [public org.springframework.http.ResponseEntity<springfox.documentation.spring.web.json.Json> springfox.documentation.swagger2.web.Swagger2Controller.getDocumentation(java.lang.String,javax.servlet.http.HttpServletRequest)]
00:02:48.717 [main] INFO  s.d.s.w.p.DocumentationPluginsBootstrapper - [start,160] - Context refreshed
00:02:48.748 [main] INFO  s.d.s.w.p.DocumentationPluginsBootstrapper - [start,163] - Found 1 custom documentation plugin(s)
00:02:48.808 [main] INFO  s.d.s.w.s.ApiListingReferenceScanner - [scan,41] - Scanning for api listing references
00:02:48.950 [main] INFO  o.a.c.h.Http11NioProtocol - [log,173] - Starting ProtocolHandler ["http-nio-8080"]
00:02:48.976 [main] INFO  c.p.m.MyBlogApplication - [logStarted,59] - Started MyBlogApplication in 8.512 seconds (JVM running for 10.151)
00:02:56.085 [http-nio-8080-exec-5] INFO  o.a.c.c.C.[.[.[/] - [log,173] - Initializing Spring DispatcherServlet 'dispatcherServlet'
00:02:58.214 [http-nio-8080-exec-6] INFO  c.a.d.p.DruidDataSource - [init,1003] - {dataSource-1} inited
00:02:58.973 [http-nio-8080-exec-6] INFO  i.l.c.EpollProvider - [<clinit>,68] - Starting without optional epoll library
00:02:58.975 [http-nio-8080-exec-6] INFO  i.l.c.KqueueProvider - [<clinit>,70] - Starting without optional kqueue library
00:03:58.852 [main] INFO  c.p.m.MyBlogApplication - [logStarting,50] - Starting MyBlogApplication on DESKTOP-MR6GB2V with PID 13496 (E:\IDEA\MyBlog\target\classes started by Admin in E:\IDEA\MyBlog)
00:03:58.854 [main] INFO  c.p.m.MyBlogApplication - [logStartupProfileInfo,652] - The following profiles are active: druid
00:04:02.361 [main] INFO  o.a.c.h.Http11NioProtocol - [log,173] - Initializing ProtocolHandler ["http-nio-8080"]
00:04:02.368 [main] INFO  o.a.c.c.StandardService - [log,173] - Starting service [Tomcat]
00:04:02.369 [main] INFO  o.a.c.c.StandardEngine - [log,173] - Starting Servlet engine: [Apache Tomcat/9.0.29]
00:04:02.472 [main] INFO  o.a.c.c.C.[.[.[/] - [log,173] - Initializing Spring embedded WebApplicationContext
00:04:04.406 [main] INFO  s.d.s.w.PropertySourcedRequestMappingHandlerMapping - [initHandlerMethods,69] - Mapped URL path [/v2/api-docs] onto method [public org.springframework.http.ResponseEntity<springfox.documentation.spring.web.json.Json> springfox.documentation.swagger2.web.Swagger2Controller.getDocumentation(java.lang.String,javax.servlet.http.HttpServletRequest)]
00:04:05.090 [main] INFO  s.d.s.w.p.DocumentationPluginsBootstrapper - [start,160] - Context refreshed
00:04:05.105 [main] INFO  s.d.s.w.p.DocumentationPluginsBootstrapper - [start,163] - Found 1 custom documentation plugin(s)
00:04:05.144 [main] INFO  s.d.s.w.s.ApiListingReferenceScanner - [scan,41] - Scanning for api listing references
00:04:05.298 [main] INFO  o.a.c.h.Http11NioProtocol - [log,173] - Starting ProtocolHandler ["http-nio-8080"]
00:04:05.325 [main] INFO  c.p.m.MyBlogApplication - [logStarted,59] - Started MyBlogApplication in 6.887 seconds (JVM running for 8.77)
00:04:18.160 [http-nio-8080-exec-11] INFO  o.a.c.c.C.[.[.[/] - [log,173] - Initializing Spring DispatcherServlet 'dispatcherServlet'
00:04:19.597 [http-nio-8080-exec-11] INFO  c.a.d.p.DruidDataSource - [init,1003] - {dataSource-1} inited
00:04:23.246 [http-nio-8080-exec-8] INFO  i.l.c.EpollProvider - [<clinit>,68] - Starting without optional epoll library
00:04:23.248 [http-nio-8080-exec-8] INFO  i.l.c.KqueueProvider - [<clinit>,70] - Starting without optional kqueue library
00:14:44.947 [main] INFO  c.p.m.MyBlogApplication - [logStarting,50] - Starting MyBlogApplication on DESKTOP-MR6GB2V with PID 15716 (E:\IDEA\MyBlog\target\classes started by Admin in E:\IDEA\MyBlog)
00:14:44.951 [main] INFO  c.p.m.MyBlogApplication - [logStartupProfileInfo,652] - The following profiles are active: druid
00:14:49.590 [main] INFO  o.a.c.h.Http11NioProtocol - [log,173] - Initializing ProtocolHandler ["http-nio-8080"]
00:14:49.597 [main] INFO  o.a.c.c.StandardService - [log,173] - Starting service [Tomcat]
00:14:49.598 [main] INFO  o.a.c.c.StandardEngine - [log,173] - Starting Servlet engine: [Apache Tomcat/9.0.29]
00:14:49.702 [main] INFO  o.a.c.c.C.[.[.[/] - [log,173] - Initializing Spring embedded WebApplicationContext
00:14:51.808 [main] INFO  s.d.s.w.PropertySourcedRequestMappingHandlerMapping - [initHandlerMethods,69] - Mapped URL path [/v2/api-docs] onto method [public org.springframework.http.ResponseEntity<springfox.documentation.spring.web.json.Json> springfox.documentation.swagger2.web.Swagger2Controller.getDocumentation(java.lang.String,javax.servlet.http.HttpServletRequest)]
00:14:52.741 [main] INFO  s.d.s.w.p.DocumentationPluginsBootstrapper - [start,160] - Context refreshed
00:14:52.755 [main] INFO  s.d.s.w.p.DocumentationPluginsBootstrapper - [start,163] - Found 1 custom documentation plugin(s)
00:14:52.788 [main] INFO  s.d.s.w.s.ApiListingReferenceScanner - [scan,41] - Scanning for api listing references
00:14:52.918 [main] INFO  o.a.c.h.Http11NioProtocol - [log,173] - Starting ProtocolHandler ["http-nio-8080"]
00:14:52.941 [main] INFO  c.p.m.MyBlogApplication - [logStarted,59] - Started MyBlogApplication in 8.856 seconds (JVM running for 10.877)
00:14:56.576 [http-nio-8080-exec-6] INFO  o.a.c.c.C.[.[.[/] - [log,173] - Initializing Spring DispatcherServlet 'dispatcherServlet'
00:14:57.245 [http-nio-8080-exec-9] INFO  i.l.c.EpollProvider - [<clinit>,68] - Starting without optional epoll library
00:14:57.248 [http-nio-8080-exec-9] INFO  i.l.c.KqueueProvider - [<clinit>,70] - Starting without optional kqueue library
00:14:59.243 [http-nio-8080-exec-9] INFO  c.a.d.p.DruidDataSource - [init,1003] - {dataSource-1} inited
00:15:00.421 [schedule-pool-1] INFO  sys-user - [run,57] - [127.0.0.1]内网IP[admin][Success][登录成功]
09:56:10.644 [main] INFO  c.p.m.MyBlogApplication - [logStarting,50] - Starting MyBlogApplication on DESKTOP-MR6GB2V with PID 14736 (E:\IDEA\MyBlog\target\classes started by Admin in E:\IDEA\MyBlog)
09:56:10.666 [main] INFO  c.p.m.MyBlogApplication - [logStartupProfileInfo,652] - The following profiles are active: druid
09:56:16.518 [main] INFO  o.a.c.h.Http11NioProtocol - [log,173] - Initializing ProtocolHandler ["http-nio-8080"]
09:56:16.525 [main] INFO  o.a.c.c.StandardService - [log,173] - Starting service [Tomcat]
09:56:16.526 [main] INFO  o.a.c.c.StandardEngine - [log,173] - Starting Servlet engine: [Apache Tomcat/9.0.29]
09:56:16.648 [main] INFO  o.a.c.c.C.[.[.[/] - [log,173] - Initializing Spring embedded WebApplicationContext
09:56:22.817 [main] INFO  s.d.s.w.PropertySourcedRequestMappingHandlerMapping - [initHandlerMethods,69] - Mapped URL path [/v2/api-docs] onto method [public org.springframework.http.ResponseEntity<springfox.documentation.spring.web.json.Json> springfox.documentation.swagger2.web.Swagger2Controller.getDocumentation(java.lang.String,javax.servlet.http.HttpServletRequest)]
09:56:26.654 [main] INFO  s.d.s.w.p.DocumentationPluginsBootstrapper - [start,160] - Context refreshed
09:56:27.264 [main] INFO  s.d.s.w.p.DocumentationPluginsBootstrapper - [start,163] - Found 1 custom documentation plugin(s)
09:56:27.635 [main] INFO  s.d.s.w.s.ApiListingReferenceScanner - [scan,41] - Scanning for api listing references
09:56:30.812 [main] INFO  o.a.c.h.Http11NioProtocol - [log,173] - Starting ProtocolHandler ["http-nio-8080"]
09:56:30.869 [main] INFO  c.p.m.MyBlogApplication - [logStarted,59] - Started MyBlogApplication in 21.165 seconds (JVM running for 23.278)
09:58:52.392 [http-nio-8080-exec-1] INFO  o.a.c.c.C.[.[.[/] - [log,173] - Initializing Spring DispatcherServlet 'dispatcherServlet'
09:58:54.897 [http-nio-8080-exec-3] INFO  c.a.d.p.DruidDataSource - [init,1003] - {dataSource-1} inited
10:22:49.557 [http-nio-8080-exec-9] INFO  i.l.c.EpollProvider - [<clinit>,68] - Starting without optional epoll library
10:22:49.558 [http-nio-8080-exec-9] INFO  i.l.c.KqueueProvider - [<clinit>,70] - Starting without optional kqueue library
10:22:51.792 [schedule-pool-1] INFO  sys-user - [run,57] - [127.0.0.1]内网IP[admin][Success][登录成功]
10:25:42.654 [main] INFO  c.p.m.MyBlogApplication - [logStarting,50] - Starting MyBlogApplication on DESKTOP-MR6GB2V with PID 21500 (E:\IDEA\MyBlog\target\classes started by Admin in E:\IDEA\MyBlog)
10:25:42.660 [main] INFO  c.p.m.MyBlogApplication - [logStartupProfileInfo,652] - The following profiles are active: druid
10:25:46.441 [main] INFO  o.a.c.h.Http11NioProtocol - [log,173] - Initializing ProtocolHandler ["http-nio-8080"]
10:25:46.457 [main] INFO  o.a.c.c.StandardService - [log,173] - Starting service [Tomcat]
10:25:46.458 [main] INFO  o.a.c.c.StandardEngine - [log,173] - Starting Servlet engine: [Apache Tomcat/9.0.29]
10:25:46.754 [main] INFO  o.a.c.c.C.[.[.[/] - [log,173] - Initializing Spring embedded WebApplicationContext
10:25:50.259 [main] INFO  s.d.s.w.PropertySourcedRequestMappingHandlerMapping - [initHandlerMethods,69] - Mapped URL path [/v2/api-docs] onto method [public org.springframework.http.ResponseEntity<springfox.documentation.spring.web.json.Json> springfox.documentation.swagger2.web.Swagger2Controller.getDocumentation(java.lang.String,javax.servlet.http.HttpServletRequest)]
10:25:51.404 [main] INFO  s.d.s.w.p.DocumentationPluginsBootstrapper - [start,160] - Context refreshed
10:25:51.418 [main] INFO  s.d.s.w.p.DocumentationPluginsBootstrapper - [start,163] - Found 1 custom documentation plugin(s)
10:25:51.457 [main] INFO  s.d.s.w.s.ApiListingReferenceScanner - [scan,41] - Scanning for api listing references
10:25:51.641 [main] INFO  o.a.c.h.Http11NioProtocol - [log,173] - Starting ProtocolHandler ["http-nio-8080"]
10:25:51.672 [main] INFO  c.p.m.MyBlogApplication - [logStarted,59] - Started MyBlogApplication in 9.842 seconds (JVM running for 11.595)
10:26:22.851 [http-nio-8080-exec-1] INFO  o.a.c.c.C.[.[.[/] - [log,173] - Initializing Spring DispatcherServlet 'dispatcherServlet'
10:26:24.043 [http-nio-8080-exec-1] INFO  c.a.d.p.DruidDataSource - [init,1003] - {dataSource-1} inited
10:26:24.238 [http-nio-8080-exec-1] INFO  i.l.c.EpollProvider - [<clinit>,68] - Starting without optional epoll library
10:26:24.240 [http-nio-8080-exec-1] INFO  i.l.c.KqueueProvider - [<clinit>,70] - Starting without optional kqueue library
10:56:02.179 [main] INFO  c.p.m.MyBlogApplication - [logStarting,50] - Starting MyBlogApplication on DESKTOP-MR6GB2V with PID 21852 (E:\IDEA\MyBlog\target\classes started by Admin in E:\IDEA\MyBlog)
10:56:02.182 [main] INFO  c.p.m.MyBlogApplication - [logStartupProfileInfo,652] - The following profiles are active: druid
10:56:06.098 [main] INFO  o.a.c.h.Http11NioProtocol - [log,173] - Initializing ProtocolHandler ["http-nio-8080"]
10:56:06.106 [main] INFO  o.a.c.c.StandardService - [log,173] - Starting service [Tomcat]
10:56:06.106 [main] INFO  o.a.c.c.StandardEngine - [log,173] - Starting Servlet engine: [Apache Tomcat/9.0.29]
10:56:06.226 [main] INFO  o.a.c.c.C.[.[.[/] - [log,173] - Initializing Spring embedded WebApplicationContext
10:56:08.334 [main] INFO  s.d.s.w.PropertySourcedRequestMappingHandlerMapping - [initHandlerMethods,69] - Mapped URL path [/v2/api-docs] onto method [public org.springframework.http.ResponseEntity<springfox.documentation.spring.web.json.Json> springfox.documentation.swagger2.web.Swagger2Controller.getDocumentation(java.lang.String,javax.servlet.http.HttpServletRequest)]
10:56:09.178 [main] INFO  s.d.s.w.p.DocumentationPluginsBootstrapper - [start,160] - Context refreshed
10:56:09.193 [main] INFO  s.d.s.w.p.DocumentationPluginsBootstrapper - [start,163] - Found 1 custom documentation plugin(s)
10:56:09.246 [main] INFO  s.d.s.w.s.ApiListingReferenceScanner - [scan,41] - Scanning for api listing references
10:56:09.569 [main] INFO  o.a.c.h.Http11NioProtocol - [log,173] - Starting ProtocolHandler ["http-nio-8080"]
10:56:09.599 [main] INFO  c.p.m.MyBlogApplication - [logStarted,59] - Started MyBlogApplication in 7.957 seconds (JVM running for 9.909)
10:57:23.162 [http-nio-8080-exec-1] INFO  o.a.c.c.C.[.[.[/] - [log,173] - Initializing Spring DispatcherServlet 'dispatcherServlet'
10:57:24.445 [http-nio-8080-exec-2] INFO  c.a.d.p.DruidDataSource - [init,1003] - {dataSource-1} inited
10:57:28.379 [http-nio-8080-exec-5] INFO  i.l.c.EpollProvider - [<clinit>,68] - Starting without optional epoll library
10:57:28.381 [http-nio-8080-exec-5] INFO  i.l.c.KqueueProvider - [<clinit>,70] - Starting without optional kqueue library
11:12:29.412 [main] INFO  c.p.m.MyBlogApplication - [logStarting,50] - Starting MyBlogApplication on DESKTOP-MR6GB2V with PID 18592 (E:\IDEA\MyBlog\target\classes started by Admin in E:\IDEA\MyBlog)
11:12:29.415 [main] INFO  c.p.m.MyBlogApplication - [logStartupProfileInfo,652] - The following profiles are active: druid
11:12:31.201 [main] INFO  o.a.c.h.Http11NioProtocol - [log,173] - Initializing ProtocolHandler ["http-nio-8080"]
11:12:31.207 [main] INFO  o.a.c.c.StandardService - [log,173] - Starting service [Tomcat]
11:12:31.208 [main] INFO  o.a.c.c.StandardEngine - [log,173] - Starting Servlet engine: [Apache Tomcat/9.0.29]
11:12:31.325 [main] INFO  o.a.c.c.C.[.[.[/] - [log,173] - Initializing Spring embedded WebApplicationContext
11:12:32.944 [main] INFO  s.d.s.w.PropertySourcedRequestMappingHandlerMapping - [initHandlerMethods,69] - Mapped URL path [/v2/api-docs] onto method [public org.springframework.http.ResponseEntity<springfox.documentation.spring.web.json.Json> springfox.documentation.swagger2.web.Swagger2Controller.getDocumentation(java.lang.String,javax.servlet.http.HttpServletRequest)]
11:12:33.635 [main] INFO  s.d.s.w.p.DocumentationPluginsBootstrapper - [start,160] - Context refreshed
11:12:33.649 [main] INFO  s.d.s.w.p.DocumentationPluginsBootstrapper - [start,163] - Found 1 custom documentation plugin(s)
11:12:33.683 [main] INFO  s.d.s.w.s.ApiListingReferenceScanner - [scan,41] - Scanning for api listing references
11:12:33.797 [main] INFO  o.a.c.h.Http11NioProtocol - [log,173] - Starting ProtocolHandler ["http-nio-8080"]
11:12:33.819 [main] INFO  c.p.m.MyBlogApplication - [logStarted,59] - Started MyBlogApplication in 4.815 seconds (JVM running for 5.969)
11:13:06.328 [http-nio-8080-exec-1] INFO  o.a.c.c.C.[.[.[/] - [log,173] - Initializing Spring DispatcherServlet 'dispatcherServlet'
11:13:07.347 [http-nio-8080-exec-1] INFO  c.a.d.p.DruidDataSource - [init,1003] - {dataSource-1} inited
11:13:07.533 [http-nio-8080-exec-1] INFO  i.l.c.EpollProvider - [<clinit>,68] - Starting without optional epoll library
11:13:07.998 [http-nio-8080-exec-1] INFO  i.l.c.KqueueProvider - [<clinit>,70] - Starting without optional kqueue library
11:20:39.578 [main] INFO  c.p.m.MyBlogApplication - [logStarting,50] - Starting MyBlogApplication on DESKTOP-MR6GB2V with PID 21708 (E:\IDEA\MyBlog\target\classes started by Admin in E:\IDEA\MyBlog)
11:20:39.581 [main] INFO  c.p.m.MyBlogApplication - [logStartupProfileInfo,652] - The following profiles are active: druid
11:20:41.265 [main] INFO  o.a.c.h.Http11NioProtocol - [log,173] - Initializing ProtocolHandler ["http-nio-8080"]
11:20:41.270 [main] INFO  o.a.c.c.StandardService - [log,173] - Starting service [Tomcat]
11:20:41.271 [main] INFO  o.a.c.c.StandardEngine - [log,173] - Starting Servlet engine: [Apache Tomcat/9.0.29]
11:20:41.387 [main] INFO  o.a.c.c.C.[.[.[/] - [log,173] - Initializing Spring embedded WebApplicationContext
11:20:42.931 [main] INFO  s.d.s.w.PropertySourcedRequestMappingHandlerMapping - [initHandlerMethods,69] - Mapped URL path [/v2/api-docs] onto method [public org.springframework.http.ResponseEntity<springfox.documentation.spring.web.json.Json> springfox.documentation.swagger2.web.Swagger2Controller.getDocumentation(java.lang.String,javax.servlet.http.HttpServletRequest)]
11:20:43.678 [main] INFO  s.d.s.w.p.DocumentationPluginsBootstrapper - [start,160] - Context refreshed
11:20:43.702 [main] INFO  s.d.s.w.p.DocumentationPluginsBootstrapper - [start,163] - Found 1 custom documentation plugin(s)
11:20:43.747 [main] INFO  s.d.s.w.s.ApiListingReferenceScanner - [scan,41] - Scanning for api listing references
11:20:43.904 [main] INFO  o.a.c.h.Http11NioProtocol - [log,173] - Starting ProtocolHandler ["http-nio-8080"]
11:20:43.931 [main] INFO  c.p.m.MyBlogApplication - [logStarted,59] - Started MyBlogApplication in 4.708 seconds (JVM running for 5.926)
11:20:49.432 [http-nio-8080-exec-1] INFO  o.a.c.c.C.[.[.[/] - [log,173] - Initializing Spring DispatcherServlet 'dispatcherServlet'
11:20:50.506 [http-nio-8080-exec-2] INFO  c.a.d.p.DruidDataSource - [init,1003] - {dataSource-1} inited
11:20:50.690 [http-nio-8080-exec-2] INFO  i.l.c.EpollProvider - [<clinit>,68] - Starting without optional epoll library
11:20:50.691 [http-nio-8080-exec-2] INFO  i.l.c.KqueueProvider - [<clinit>,70] - Starting without optional kqueue library
