12:48:34.045 [main] INFO  c.p.m.MyBlogApplication - [logStarting,50] - Starting MyBlogApplication on DESKTOP-MR6GB2V with PID 89004 (started by Admin in E:\IDEA\myblog 1.0.1)
12:48:34.064 [main] INFO  c.p.m.MyBlogApplication - [logStartupProfileInfo,652] - The following profiles are active: druid
12:48:37.977 [main] INFO  o.a.c.h.Http11NioProtocol - [log,173] - Initializing ProtocolHandler ["http-nio-8080"]
12:48:37.986 [main] INFO  o.a.c.c.StandardService - [log,173] - Starting service [Tomcat]
12:48:37.987 [main] INFO  o.a.c.c.StandardEngine - [log,173] - Starting Servlet engine: [Apache Tomcat/9.0.29]
12:48:38.202 [main] INFO  o.a.c.c.C.[.[.[/] - [log,173] - Initializing Spring embedded WebApplicationContext
12:48:41.280 [main] INFO  s.d.s.w.PropertySourcedRequestMappingHandlerMapping - [initHandlerMethods,69] - Mapped URL path [/v2/api-docs] onto method [public org.springframework.http.ResponseEntity<springfox.documentation.spring.web.json.Json> springfox.documentation.swagger2.web.Swagger2Controller.getDocumentation(java.lang.String,javax.servlet.http.HttpServletRequest)]
12:48:42.464 [main] INFO  s.d.s.w.p.DocumentationPluginsBootstrapper - [start,160] - Context refreshed
12:48:42.482 [main] INFO  s.d.s.w.p.DocumentationPluginsBootstrapper - [start,163] - Found 1 custom documentation plugin(s)
12:48:42.540 [main] INFO  s.d.s.w.s.ApiListingReferenceScanner - [scan,41] - Scanning for api listing references
12:48:42.691 [main] INFO  o.a.c.h.Http11NioProtocol - [log,173] - Starting ProtocolHandler ["http-nio-8080"]
12:48:42.717 [main] INFO  c.p.m.MyBlogApplication - [logStarted,59] - Started MyBlogApplication in 9.764 seconds (JVM running for 11.138)
12:48:51.555 [http-nio-8080-exec-1] INFO  o.a.c.c.C.[.[.[/] - [log,173] - Initializing Spring DispatcherServlet 'dispatcherServlet'
12:48:53.008 [http-nio-8080-exec-1] INFO  c.a.d.p.DruidDataSource - [init,1003] - {dataSource-1} inited
13:49:35.298 [main] INFO  c.p.m.MyBlogApplication - [logStarting,50] - Starting MyBlogApplication on DESKTOP-MR6GB2V with PID 90452 (started by Admin in E:\IDEA\myblog 1.0.1)
13:49:35.302 [main] INFO  c.p.m.MyBlogApplication - [logStartupProfileInfo,652] - The following profiles are active: druid
13:49:37.449 [main] INFO  o.a.c.h.Http11NioProtocol - [log,173] - Initializing ProtocolHandler ["http-nio-8080"]
13:49:37.455 [main] INFO  o.a.c.c.StandardService - [log,173] - Starting service [Tomcat]
13:49:37.455 [main] INFO  o.a.c.c.StandardEngine - [log,173] - Starting Servlet engine: [Apache Tomcat/9.0.29]
13:49:37.578 [main] INFO  o.a.c.c.C.[.[.[/] - [log,173] - Initializing Spring embedded WebApplicationContext
13:49:39.143 [main] INFO  s.d.s.w.PropertySourcedRequestMappingHandlerMapping - [initHandlerMethods,69] - Mapped URL path [/v2/api-docs] onto method [public org.springframework.http.ResponseEntity<springfox.documentation.spring.web.json.Json> springfox.documentation.swagger2.web.Swagger2Controller.getDocumentation(java.lang.String,javax.servlet.http.HttpServletRequest)]
13:49:39.777 [main] INFO  s.d.s.w.p.DocumentationPluginsBootstrapper - [start,160] - Context refreshed
13:49:39.789 [main] INFO  s.d.s.w.p.DocumentationPluginsBootstrapper - [start,163] - Found 1 custom documentation plugin(s)
13:49:39.824 [main] INFO  s.d.s.w.s.ApiListingReferenceScanner - [scan,41] - Scanning for api listing references
13:49:39.942 [main] INFO  o.a.c.h.Http11NioProtocol - [log,173] - Starting ProtocolHandler ["http-nio-8080"]
13:49:39.964 [main] INFO  c.p.m.MyBlogApplication - [logStarted,59] - Started MyBlogApplication in 5.084 seconds (JVM running for 6.406)
13:52:32.668 [http-nio-8080-exec-1] INFO  o.a.c.c.C.[.[.[/] - [log,173] - Initializing Spring DispatcherServlet 'dispatcherServlet'
13:52:33.952 [http-nio-8080-exec-11] INFO  c.a.d.p.DruidDataSource - [init,1003] - {dataSource-1} inited
14:20:03.172 [main] INFO  c.p.m.MyBlogApplication - [logStarting,50] - Starting MyBlogApplication on DESKTOP-MR6GB2V with PID 86116 (started by Admin in E:\IDEA\myblog 1.0.1)
14:20:03.176 [main] INFO  c.p.m.MyBlogApplication - [logStartupProfileInfo,652] - The following profiles are active: druid
14:20:04.879 [main] INFO  o.a.c.h.Http11NioProtocol - [log,173] - Initializing ProtocolHandler ["http-nio-8080"]
14:20:04.884 [main] INFO  o.a.c.c.StandardService - [log,173] - Starting service [Tomcat]
14:20:04.885 [main] INFO  o.a.c.c.StandardEngine - [log,173] - Starting Servlet engine: [Apache Tomcat/9.0.29]
14:20:05.003 [main] INFO  o.a.c.c.C.[.[.[/] - [log,173] - Initializing Spring embedded WebApplicationContext
14:20:06.640 [main] INFO  s.d.s.w.PropertySourcedRequestMappingHandlerMapping - [initHandlerMethods,69] - Mapped URL path [/v2/api-docs] onto method [public org.springframework.http.ResponseEntity<springfox.documentation.spring.web.json.Json> springfox.documentation.swagger2.web.Swagger2Controller.getDocumentation(java.lang.String,javax.servlet.http.HttpServletRequest)]
14:20:07.238 [main] INFO  s.d.s.w.p.DocumentationPluginsBootstrapper - [start,160] - Context refreshed
14:20:07.250 [main] INFO  s.d.s.w.p.DocumentationPluginsBootstrapper - [start,163] - Found 1 custom documentation plugin(s)
14:20:07.283 [main] INFO  s.d.s.w.s.ApiListingReferenceScanner - [scan,41] - Scanning for api listing references
14:20:07.397 [main] INFO  o.a.c.h.Http11NioProtocol - [log,173] - Starting ProtocolHandler ["http-nio-8080"]
14:20:07.420 [main] INFO  c.p.m.MyBlogApplication - [logStarted,59] - Started MyBlogApplication in 4.687 seconds (JVM running for 5.867)
14:20:31.834 [http-nio-8080-exec-2] INFO  o.a.c.c.C.[.[.[/] - [log,173] - Initializing Spring DispatcherServlet 'dispatcherServlet'
14:20:33.130 [http-nio-8080-exec-1] INFO  c.a.d.p.DruidDataSource - [init,1003] - {dataSource-1} inited
14:27:32.801 [http-nio-8080-exec-3] INFO  i.l.c.EpollProvider - [<clinit>,68] - Starting without optional epoll library
14:27:32.802 [http-nio-8080-exec-3] INFO  i.l.c.KqueueProvider - [<clinit>,70] - Starting without optional kqueue library
14:28:07.281 [lettuce-eventExecutorLoop-1-3] INFO  i.l.c.p.ConnectionWatchdog - [log,173] - Reconnecting, last destination was localhost/127.0.0.1:6379
14:28:13.580 [lettuce-eventExecutorLoop-1-6] INFO  i.l.c.p.ConnectionWatchdog - [log,173] - Reconnecting, last destination was localhost:6379
14:28:18.784 [lettuce-nioEventLoop-4-7] INFO  i.l.c.p.ReconnectionHandler - [lambda$null$3,177] - Reconnected to localhost:6379
14:28:23.027 [schedule-pool-1] INFO  sys-user - [run,57] - [127.0.0.1]内网IP[admin][Success][登录成功]
14:49:48.310 [main] INFO  c.p.m.MyBlogApplication - [logStarting,50] - Starting MyBlogApplication on DESKTOP-MR6GB2V with PID 89256 (started by Admin in E:\IDEA\myblog 1.0.1)
14:49:48.313 [main] INFO  c.p.m.MyBlogApplication - [logStartupProfileInfo,652] - The following profiles are active: druid
14:49:51.209 [main] INFO  o.a.c.h.Http11NioProtocol - [log,173] - Initializing ProtocolHandler ["http-nio-8080"]
14:49:51.217 [main] INFO  o.a.c.c.StandardService - [log,173] - Starting service [Tomcat]
14:49:51.217 [main] INFO  o.a.c.c.StandardEngine - [log,173] - Starting Servlet engine: [Apache Tomcat/9.0.29]
14:49:51.414 [main] INFO  o.a.c.c.C.[.[.[/] - [log,173] - Initializing Spring embedded WebApplicationContext
14:49:54.744 [main] INFO  s.d.s.w.PropertySourcedRequestMappingHandlerMapping - [initHandlerMethods,69] - Mapped URL path [/v2/api-docs] onto method [public org.springframework.http.ResponseEntity<springfox.documentation.spring.web.json.Json> springfox.documentation.swagger2.web.Swagger2Controller.getDocumentation(java.lang.String,javax.servlet.http.HttpServletRequest)]
14:49:55.790 [main] INFO  s.d.s.w.p.DocumentationPluginsBootstrapper - [start,160] - Context refreshed
14:49:55.806 [main] INFO  s.d.s.w.p.DocumentationPluginsBootstrapper - [start,163] - Found 1 custom documentation plugin(s)
14:49:55.849 [main] INFO  s.d.s.w.s.ApiListingReferenceScanner - [scan,41] - Scanning for api listing references
14:49:55.985 [main] INFO  o.a.c.h.Http11NioProtocol - [log,173] - Starting ProtocolHandler ["http-nio-8080"]
14:49:56.011 [main] INFO  c.p.m.MyBlogApplication - [logStarted,59] - Started MyBlogApplication in 8.17 seconds (JVM running for 9.901)
14:50:03.037 [http-nio-8080-exec-5] INFO  o.a.c.c.C.[.[.[/] - [log,173] - Initializing Spring DispatcherServlet 'dispatcherServlet'
14:50:04.427 [http-nio-8080-exec-11] INFO  c.a.d.p.DruidDataSource - [init,1003] - {dataSource-1} inited
15:19:09.552 [main] INFO  c.p.m.MyBlogApplication - [logStarting,50] - Starting MyBlogApplication on DESKTOP-MR6GB2V with PID 81000 (started by Admin in E:\IDEA\myblog 1.0.1)
15:19:09.558 [main] INFO  c.p.m.MyBlogApplication - [logStartupProfileInfo,652] - The following profiles are active: druid
15:19:12.118 [main] INFO  o.a.c.h.Http11NioProtocol - [log,173] - Initializing ProtocolHandler ["http-nio-8080"]
15:19:12.135 [main] INFO  o.a.c.c.StandardService - [log,173] - Starting service [Tomcat]
15:19:12.135 [main] INFO  o.a.c.c.StandardEngine - [log,173] - Starting Servlet engine: [Apache Tomcat/9.0.29]
15:19:12.301 [main] INFO  o.a.c.c.C.[.[.[/] - [log,173] - Initializing Spring embedded WebApplicationContext
15:19:14.996 [main] INFO  s.d.s.w.PropertySourcedRequestMappingHandlerMapping - [initHandlerMethods,69] - Mapped URL path [/v2/api-docs] onto method [public org.springframework.http.ResponseEntity<springfox.documentation.spring.web.json.Json> springfox.documentation.swagger2.web.Swagger2Controller.getDocumentation(java.lang.String,javax.servlet.http.HttpServletRequest)]
15:19:16.130 [main] INFO  s.d.s.w.p.DocumentationPluginsBootstrapper - [start,160] - Context refreshed
15:19:16.145 [main] INFO  s.d.s.w.p.DocumentationPluginsBootstrapper - [start,163] - Found 1 custom documentation plugin(s)
15:19:16.187 [main] INFO  s.d.s.w.s.ApiListingReferenceScanner - [scan,41] - Scanning for api listing references
15:19:16.357 [main] INFO  o.a.c.h.Http11NioProtocol - [log,173] - Starting ProtocolHandler ["http-nio-8080"]
15:19:16.395 [main] INFO  c.p.m.MyBlogApplication - [logStarted,59] - Started MyBlogApplication in 7.4 seconds (JVM running for 9.19)
15:20:43.845 [http-nio-8080-exec-6] INFO  o.a.c.c.C.[.[.[/] - [log,173] - Initializing Spring DispatcherServlet 'dispatcherServlet'
15:20:47.400 [http-nio-8080-exec-4] INFO  c.a.d.p.DruidDataSource - [init,1003] - {dataSource-1} inited
